[90m2026-01-17T16:23:26Z[0m [31mERR[0m [1mCannot create service[0m [36merror=[0m[31m[1m"service not found"[0m[0m [36mingress=[0mhls [36mnamespace=[0msuite [36mproviderName=[0mkubernetes [36mserviceName=[0mmediamtx [36mservicePort=[0m&ServiceBackendPort{Name:hls,Number:0,}
[90m2026-01-17T16:23:26Z[0m [31mERR[0m [1mCannot create service[0m [36merror=[0m[31m[1m"service not found"[0m[0m [36mingress=[0mmediamtx-hls [36mnamespace=[0msuite [36mproviderName=[0mkubernetes [36mserviceName=[0mmediamtx [36mservicePort=[0m&ServiceBackendPort{Name:,Number:8888,}
[90m2026-01-17T16:23:26Z[0m [31mERR[0m [1mCannot create service[0m [36merror=[0m[31m[1m"service not found"[0m[0m [36mingress=[0mcamera-uploader [36mnamespace=[0msuite [36mproviderName=[0mkubernetes [36mserviceName=[0mcamera-uploader [36mservicePort=[0m&ServiceBackendPort{Name:,Number:80,}
[90m2026-01-17T16:23:29Z[0m [31mERR[0m [1mCannot create service[0m [36merror=[0m[31m[1m"service not found"[0m[0m [36mingress=[0mcamera-uploader [36mnamespace=[0msuite [36mproviderName=[0mkubernetes [36mserviceName=[0mcamera-uploader [36mservicePort=[0m&ServiceBackendPort{Name:,Number:80,}
[90m2026-01-17T16:23:29Z[0m [31mERR[0m [1mCannot create service[0m [36merror=[0m[31m[1m"service not found"[0m[0m [36mingress=[0mhls [36mnamespace=[0msuite [36mproviderName=[0mkubernetes [36mserviceName=[0mmediamtx [36mservicePort=[0m&ServiceBackendPort{Name:hls,Number:0,}
[90m2026-01-17T16:23:29Z[0m [31mERR[0m [1mCannot create service[0m [36merror=[0m[31m[1m"service not found"[0m[0m [36mingress=[0mmediamtx-hls [36mnamespace=[0msuite [36mproviderName=[0mkubernetes [36mserviceName=[0mmediamtx [36mservicePort=[0m&ServiceBackendPort{Name:,Number:8888,}
[90m2026-01-17T16:25:21Z[0m [31mERR[0m [1mCannot create service[0m [36merror=[0m[31m[1m"service not found"[0m[0m [36mingress=[0mhls [36mnamespace=[0msuite [36mproviderName=[0mkubernetes [36mserviceName=[0mmediamtx [36mservicePort=[0m&ServiceBackendPort{Name:hls,Number:0,}
[90m2026-01-17T16:25:21Z[0m [31mERR[0m [1mCannot create service[0m [36merror=[0m[31m[1m"service not found"[0m[0m [36mingress=[0mmediamtx-hls [36mnamespace=[0msuite [36mproviderName=[0mkubernetes [36mserviceName=[0mmediamtx [36mservicePort=[0m&ServiceBackendPort{Name:,Number:8888,}
[90m2026-01-17T16:25:21Z[0m [31mERR[0m [1mCannot create service[0m [36merror=[0m[31m[1m"service not found"[0m[0m [36mingress=[0mcamera-uploader [36mnamespace=[0msuite [36mproviderName=[0mkubernetes [36mserviceName=[0mcamera-uploader [36mservicePort=[0m&ServiceBackendPort{Name:,Number:80,}
[90m2026-01-17T16:25:22Z[0m [31mERR[0m [1mCannot create service[0m [36merror=[0m[31m[1m"service not found"[0m[0m [36mingress=[0mhls [36mnamespace=[0msuite [36mproviderName=[0mkubernetes [36mserviceName=[0mmediamtx [36mservicePort=[0m&ServiceBackendPort{Name:hls,Number:0,}
[90m2026-01-17T16:25:22Z[0m [31mERR[0m [1mCannot create service[0m [36merror=[0m[31m[1m"service not found"[0m[0m [36mingress=[0mmediamtx-hls [36mnamespace=[0msuite [36mproviderName=[0mkubernetes [36mserviceName=[0mmediamtx [36mservicePort=[0m&ServiceBackendPort{Name:,Number:8888,}
[90m2026-01-17T16:25:22Z[0m [31mERR[0m [1mCannot create service[0m [36merror=[0m[31m[1m"service not found"[0m[0m [36mingress=[0mcamera-uploader [36mnamespace=[0msuite [36mproviderName=[0mkubernetes [36mserviceName=[0mcamera-uploader [36mservicePort=[0m&ServiceBackendPort{Name:,Number:80,}
[90m2026-01-17T16:25:22Z[0m [31mERR[0m [1mCannot create service[0m [36merror=[0m[31m[1m"service not found"[0m[0m [36mingress=[0mhls [36mnamespace=[0msuite [36mproviderName=[0mkubernetes [36mserviceName=[0mmediamtx [36mservicePort=[0m&ServiceBackendPort{Name:hls,Number:0,}
[90m2026-01-17T16:25:22Z[0m [31mERR[0m [1mCannot create service[0m [36merror=[0m[31m[1m"service not found"[0m[0m [36mingress=[0mmediamtx-hls [36mnamespace=[0msuite [36mproviderName=[0mkubernetes [36mserviceName=[0mmediamtx [36mservicePort=[0m&ServiceBackendPort{Name:,Number:8888,}
[90m2026-01-17T16:25:22Z[0m [31mERR[0m [1mCannot create service[0m [36merror=[0m[31m[1m"service not found"[0m[0m [36mingress=[0mcamera-uploader [36mnamespace=[0msuite [36mproviderName=[0mkubernetes [36mserviceName=[0mcamera-uploader [36mservicePort=[0m&ServiceBackendPort{Name:,Number:80,}
[90m2026-01-17T16:25:23Z[0m [31mERR[0m [1mEntryPoint doesn't exist[0m [36mentryPointName=[0m"websecure    {}" [36mrouterName=[0msuite-spotify-callback-spotify-callback-suite-home-arpa-callback@kubernetes
[90m2026-01-17T16:25:23Z[0m [33mWRN[0m [1mMiddleware "suite-allow-lan@kubernetescrd" of type IPWhiteList is deprecated, please use IPAllowList instead.[0m
[90m2026-01-17T16:25:24Z[0m [31mERR[0m [1mCannot create service[0m [36merror=[0m[31m[1m"service not found"[0m[0m [36mingress=[0mmediamtx-hls [36mnamespace=[0msuite [36mproviderName=[0mkubernetes [36mserviceName=[0mmediamtx [36mservicePort=[0m&ServiceBackendPort{Name:,Number:8888,}
[90m2026-01-17T16:25:24Z[0m [31mERR[0m [1mCannot create service[0m [36merror=[0m[31m[1m"service not found"[0m[0m [36mingress=[0mcamera-uploader [36mnamespace=[0msuite [36mproviderName=[0mkubernetes [36mserviceName=[0mcamera-uploader [36mservicePort=[0m&ServiceBackendPort{Name:,Number:80,}
[90m2026-01-17T16:25:24Z[0m [31mERR[0m [1mCannot create service[0m [36merror=[0m[31m[1m"service not found"[0m[0m [36mingress=[0mhls [36mnamespace=[0msuite [36mproviderName=[0mkubernetes [36mserviceName=[0mmediamtx [36mservicePort=[0m&ServiceBackendPort{Name:hls,Number:0,}
[90m2026-01-17T16:25:24Z[0m [31mERR[0m [1mCannot create service[0m [36merror=[0m[31m[1m"service not found"[0m[0m [36mingress=[0mhls [36mnamespace=[0msuite [36mproviderName=[0mkubernetes [36mserviceName=[0mmediamtx [36mservicePort=[0m&ServiceBackendPort{Name:hls,Number:0,}
[90m2026-01-17T16:25:24Z[0m [31mERR[0m [1mCannot create service[0m [36merror=[0m[31m[1m"service not found"[0m[0m [36mingress=[0mmediamtx-hls [36mnamespace=[0msuite [36mproviderName=[0mkubernetes [36mserviceName=[0mmediamtx [36mservicePort=[0m&ServiceBackendPort{Name:,Number:8888,}
[90m2026-01-17T16:25:24Z[0m [31mERR[0m [1mCannot create service[0m [36merror=[0m[31m[1m"service not found"[0m[0m [36mingress=[0mcamera-uploader [36mnamespace=[0msuite [36mproviderName=[0mkubernetes [36mserviceName=[0mcamera-uploader [36mservicePort=[0m&ServiceBackendPort{Name:,Number:80,}
[90m2026-01-17T16:25:24Z[0m [31mERR[0m [1mCannot create service[0m [36merror=[0m[31m[1m"service not found"[0m[0m [36mingress=[0mhls [36mnamespace=[0msuite [36mproviderName=[0mkubernetes [36mserviceName=[0mmediamtx [36mservicePort=[0m&ServiceBackendPort{Name:hls,Number:0,}
[90m2026-01-17T16:25:24Z[0m [31mERR[0m [1mCannot create service[0m [36merror=[0m[31m[1m"service not found"[0m[0m [36mingress=[0mmediamtx-hls [36mnamespace=[0msuite [36mproviderName=[0mkubernetes [36mserviceName=[0mmediamtx [36mservicePort=[0m&ServiceBackendPort{Name:,Number:8888,}
[90m2026-01-17T16:25:24Z[0m [31mERR[0m [1mCannot create service[0m [36merror=[0m[31m[1m"service not found"[0m[0m [36mingress=[0mcamera-uploader [36mnamespace=[0msuite [36mproviderName=[0mkubernetes [36mserviceName=[0mcamera-uploader [36mservicePort=[0m&ServiceBackendPort{Name:,Number:80,}
[90m2026-01-17T16:25:24Z[0m [31mERR[0m [1mCannot create service[0m [36merror=[0m[31m[1m"service not found"[0m[0m [36mingress=[0mcamera-uploader [36mnamespace=[0msuite [36mproviderName=[0mkubernetes [36mserviceName=[0mcamera-uploader [36mservicePort=[0m&ServiceBackendPort{Name:,Number:80,}
[90m2026-01-17T16:25:24Z[0m [31mERR[0m [1mCannot create service[0m [36merror=[0m[31m[1m"service not found"[0m[0m [36mingress=[0mhls [36mnamespace=[0msuite [36mproviderName=[0mkubernetes [36mserviceName=[0mmediamtx [36mservicePort=[0m&ServiceBackendPort{Name:hls,Number:0,}
[90m2026-01-17T16:25:24Z[0m [31mERR[0m [1mCannot create service[0m [36merror=[0m[31m[1m"service not found"[0m[0m [36mingress=[0mmediamtx-hls [36mnamespace=[0msuite [36mproviderName=[0mkubernetes [36mserviceName=[0mmediamtx [36mservicePort=[0m&ServiceBackendPort{Name:,Number:8888,}
[90m2026-01-17T16:25:25Z[0m [31mERR[0m [1mEntryPoint doesn't exist[0m [36mentryPointName=[0m"websecure    {}" [36mrouterName=[0msuite-spotify-callback-spotify-callback-suite-home-arpa-callback@kubernetes
[90m2026-01-17T16:25:25Z[0m [33mWRN[0m [1mMiddleware "suite-allow-lan@kubernetescrd" of type IPWhiteList is deprecated, please use IPAllowList instead.[0m
[90m2026-01-17T16:25:26Z[0m [31mERR[0m [1mCannot create service[0m [36merror=[0m[31m[1m"service not found"[0m[0m [36mingress=[0mcamera-uploader [36mnamespace=[0msuite [36mproviderName=[0mkubernetes [36mserviceName=[0mcamera-uploader [36mservicePort=[0m&ServiceBackendPort{Name:,Number:80,}
[90m2026-01-17T16:25:26Z[0m [31mERR[0m [1mCannot create service[0m [36merror=[0m[31m[1m"service not found"[0m[0m [36mingress=[0mhls [36mnamespace=[0msuite [36mproviderName=[0mkubernetes [36mserviceName=[0mmediamtx [36mservicePort=[0m&ServiceBackendPort{Name:hls,Number:0,}
[90m2026-01-17T16:25:26Z[0m [31mERR[0m [1mCannot create service[0m [36merror=[0m[31m[1m"service not found"[0m[0m [36mingress=[0mmediamtx-hls [36mnamespace=[0msuite [36mproviderName=[0mkubernetes [36mserviceName=[0mmediamtx [36mservicePort=[0m&ServiceBackendPort{Name:,Number:8888,}
[90m2026-01-17T16:25:26Z[0m [31mERR[0m [1mCannot create service[0m [36merror=[0m[31m[1m"service not found"[0m[0m [36mingress=[0mhls [36mnamespace=[0msuite [36mproviderName=[0mkubernetes [36mserviceName=[0mmediamtx [36mservicePort=[0m&ServiceBackendPort{Name:hls,Number:0,}
[90m2026-01-17T16:25:26Z[0m [31mERR[0m [1mCannot create service[0m [36merror=[0m[31m[1m"service not found"[0m[0m [36mingress=[0mmediamtx-hls [36mnamespace=[0msuite [36mproviderName=[0mkubernetes [36mserviceName=[0mmediamtx [36mservicePort=[0m&ServiceBackendPort{Name:,Number:8888,}
[90m2026-01-17T16:25:26Z[0m [31mERR[0m [1mCannot create service[0m [36merror=[0m[31m[1m"service not found"[0m[0m [36mingress=[0mcamera-uploader [36mnamespace=[0msuite [36mproviderName=[0mkubernetes [36mserviceName=[0mcamera-uploader [36mservicePort=[0m&ServiceBackendPort{Name:,Number:80,}
[90m2026-01-17T16:25:26Z[0m [31mERR[0m [1mCannot create service[0m [36merror=[0m[31m[1m"service not found"[0m[0m [36mingress=[0mhls [36mnamespace=[0msuite [36mproviderName=[0mkubernetes [36mserviceName=[0mmediamtx [36mservicePort=[0m&ServiceBackendPort{Name:hls,Number:0,}
[90m2026-01-17T16:25:26Z[0m [31mERR[0m [1mCannot create service[0m [36merror=[0m[31m[1m"service not found"[0m[0m [36mingress=[0mmediamtx-hls [36mnamespace=[0msuite [36mproviderName=[0mkubernetes [36mserviceName=[0mmediamtx [36mservicePort=[0m&ServiceBackendPort{Name:,Number:8888,}
[90m2026-01-17T16:25:26Z[0m [31mERR[0m [1mCannot create service[0m [36merror=[0m[31m[1m"service not found"[0m[0m [36mingress=[0mcamera-uploader [36mnamespace=[0msuite [36mproviderName=[0mkubernetes [36mserviceName=[0mcamera-uploader [36mservicePort=[0m&ServiceBackendPort{Name:,Number:80,}
[90m2026-01-17T16:25:26Z[0m [31mERR[0m [1mCannot create service[0m [36merror=[0m[31m[1m"service not found"[0m[0m [36mingress=[0mhls [36mnamespace=[0msuite [36mproviderName=[0mkubernetes [36mserviceName=[0mmediamtx [36mservicePort=[0m&ServiceBackendPort{Name:hls,Number:0,}
[90m2026-01-17T16:25:26Z[0m [31mERR[0m [1mCannot create service[0m [36merror=[0m[31m[1m"service not found"[0m[0m [36mingress=[0mmediamtx-hls [36mnamespace=[0msuite [36mproviderName=[0mkubernetes [36mserviceName=[0mmediamtx [36mservicePort=[0m&ServiceBackendPort{Name:,Number:8888,}
[90m2026-01-17T16:25:26Z[0m [31mERR[0m [1mCannot create service[0m [36merror=[0m[31m[1m"service not found"[0m[0m [36mingress=[0mcamera-uploader [36mnamespace=[0msuite [36mproviderName=[0mkubernetes [36mserviceName=[0mcamera-uploader [36mservicePort=[0m&ServiceBackendPort{Name:,Number:80,}
[90m2026-01-17T16:25:26Z[0m [31mERR[0m [1mCannot create service[0m [36merror=[0m[31m[1m"service not found"[0m[0m [36mingress=[0mcamera-uploader [36mnamespace=[0msuite [36mproviderName=[0mkubernetes [36mserviceName=[0mcamera-uploader [36mservicePort=[0m&ServiceBackendPort{Name:,Number:80,}
[90m2026-01-17T16:25:26Z[0m [31mERR[0m [1mCannot create service[0m [36merror=[0m[31m[1m"service not found"[0m[0m [36mingress=[0mhls [36mnamespace=[0msuite [36mproviderName=[0mkubernetes [36mserviceName=[0mmediamtx [36mservicePort=[0m&ServiceBackendPort{Name:hls,Number:0,}
[90m2026-01-17T16:25:26Z[0m [31mERR[0m [1mCannot create service[0m [36merror=[0m[31m[1m"service not found"[0m[0m [36mingress=[0mmediamtx-hls [36mnamespace=[0msuite [36mproviderName=[0mkubernetes [36mserviceName=[0mmediamtx [36mservicePort=[0m&ServiceBackendPort{Name:,Number:8888,}
[90m2026-01-17T16:25:29Z[0m [31mERR[0m [1mCannot create service[0m [36merror=[0m[31m[1m"service not found"[0m[0m [36mingress=[0mcamera-uploader [36mnamespace=[0msuite [36mproviderName=[0mkubernetes [36mserviceName=[0mcamera-uploader [36mservicePort=[0m&ServiceBackendPort{Name:,Number:80,}
[90m2026-01-17T16:25:29Z[0m [31mERR[0m [1mCannot create service[0m [36merror=[0m[31m[1m"service not found"[0m[0m [36mingress=[0mhls [36mnamespace=[0msuite [36mproviderName=[0mkubernetes [36mserviceName=[0mmediamtx [36mservicePort=[0m&ServiceBackendPort{Name:hls,Number:0,}
[90m2026-01-17T16:25:29Z[0m [31mERR[0m [1mCannot create service[0m [36merror=[0m[31m[1m"service not found"[0m[0m [36mingress=[0mmediamtx-hls [36mnamespace=[0msuite [36mproviderName=[0mkubernetes [36mserviceName=[0mmediamtx [36mservicePort=[0m&ServiceBackendPort{Name:,Number:8888,}
[90m2026-01-17T16:25:29Z[0m [31mERR[0m [1mCannot create service[0m [36merror=[0m[31m[1m"service not found"[0m[0m [36mingress=[0mhls [36mnamespace=[0msuite [36mproviderName=[0mkubernetes [36mserviceName=[0mmediamtx [36mservicePort=[0m&ServiceBackendPort{Name:hls,Number:0,}
[90m2026-01-17T16:25:29Z[0m [31mERR[0m [1mCannot create service[0m [36merror=[0m[31m[1m"service not found"[0m[0m [36mingress=[0mmediamtx-hls [36mnamespace=[0msuite [36mproviderName=[0mkubernetes [36mserviceName=[0mmediamtx [36mservicePort=[0m&ServiceBackendPort{Name:,Number:8888,}
[90m2026-01-17T16:25:29Z[0m [31mERR[0m [1mCannot create service[0m [36merror=[0m[31m[1m"service not found"[0m[0m [36mingress=[0mcamera-uploader [36mnamespace=[0msuite [36mproviderName=[0mkubernetes [36mserviceName=[0mcamera-uploader [36mservicePort=[0m&ServiceBackendPort{Name:,Number:80,}
[90m2026-01-17T16:25:31Z[0m [31mERR[0m [1mCannot create service[0m [36merror=[0m[31m[1m"service not found"[0m[0m [36mingress=[0mcamera-uploader [36mnamespace=[0msuite [36mproviderName=[0mkubernetes [36mserviceName=[0mcamera-uploader [36mservicePort=[0m&ServiceBackendPort{Name:,Number:80,}
[90m2026-01-17T16:25:31Z[0m [31mERR[0m [1mCannot create service[0m [36merror=[0m[31m[1m"service not found"[0m[0m [36mingress=[0mhls [36mnamespace=[0msuite [36mproviderName=[0mkubernetes [36mserviceName=[0mmediamtx [36mservicePort=[0m&ServiceBackendPort{Name:hls,Number:0,}
[90m2026-01-17T16:25:31Z[0m [31mERR[0m [1mCannot create service[0m [36merror=[0m[31m[1m"service not found"[0m[0m [36mingress=[0mmediamtx-hls [36mnamespace=[0msuite [36mproviderName=[0mkubernetes [36mserviceName=[0mmediamtx [36mservicePort=[0m&ServiceBackendPort{Name:,Number:8888,}
[90m2026-01-17T16:25:31Z[0m [31mERR[0m [1mCannot create service[0m [36merror=[0m[31m[1m"service not found"[0m[0m [36mingress=[0mcamera-uploader [36mnamespace=[0msuite [36mproviderName=[0mkubernetes [36mserviceName=[0mcamera-uploader [36mservicePort=[0m&ServiceBackendPort{Name:,Number:80,}
[90m2026-01-17T16:25:31Z[0m [31mERR[0m [1mCannot create service[0m [36merror=[0m[31m[1m"service not found"[0m[0m [36mingress=[0mhls [36mnamespace=[0msuite [36mproviderName=[0mkubernetes [36mserviceName=[0mmediamtx [36mservicePort=[0m&ServiceBackendPort{Name:hls,Number:0,}
[90m2026-01-17T16:25:31Z[0m [31mERR[0m [1mCannot create service[0m [36merror=[0m[31m[1m"service not found"[0m[0m [36mingress=[0mmediamtx-hls [36mnamespace=[0msuite [36mproviderName=[0mkubernetes [36mserviceName=[0mmediamtx [36mservicePort=[0m&ServiceBackendPort{Name:,Number:8888,}
[90m2026-01-17T16:25:31Z[0m [31mERR[0m [1mCannot create service[0m [36merror=[0m[31m[1m"service not found"[0m[0m [36mingress=[0mhls [36mnamespace=[0msuite [36mproviderName=[0mkubernetes [36mserviceName=[0mmediamtx [36mservicePort=[0m&ServiceBackendPort{Name:hls,Number:0,}
[90m2026-01-17T16:25:31Z[0m [31mERR[0m [1mCannot create service[0m [36merror=[0m[31m[1m"service not found"[0m[0m [36mingress=[0mmediamtx-hls [36mnamespace=[0msuite [36mproviderName=[0mkubernetes [36mserviceName=[0mmediamtx [36mservicePort=[0m&ServiceBackendPort{Name:,Number:8888,}
[90m2026-01-17T16:25:31Z[0m [31mERR[0m [1mCannot create service[0m [36merror=[0m[31m[1m"service not found"[0m[0m [36mingress=[0mcamera-uploader [36mnamespace=[0msuite [36mproviderName=[0mkubernetes [36mserviceName=[0mcamera-uploader [36mservicePort=[0m&ServiceBackendPort{Name:,Number:80,}
[90m2026-01-17T16:25:31Z[0m [31mERR[0m [1mCannot create service[0m [36merror=[0m[31m[1m"service not found"[0m[0m [36mingress=[0mmediamtx-hls [36mnamespace=[0msuite [36mproviderName=[0mkubernetes [36mserviceName=[0mmediamtx [36mservicePort=[0m&ServiceBackendPort{Name:,Number:8888,}
[90m2026-01-17T16:25:31Z[0m [31mERR[0m [1mCannot create service[0m [36merror=[0m[31m[1m"service not found"[0m[0m [36mingress=[0mcamera-uploader [36mnamespace=[0msuite [36mproviderName=[0mkubernetes [36mserviceName=[0mcamera-uploader [36mservicePort=[0m&ServiceBackendPort{Name:,Number:80,}
[90m2026-01-17T16:25:31Z[0m [31mERR[0m [1mCannot create service[0m [36merror=[0m[31m[1m"service not found"[0m[0m [36mingress=[0mhls [36mnamespace=[0msuite [36mproviderName=[0mkubernetes [36mserviceName=[0mmediamtx [36mservicePort=[0m&ServiceBackendPort{Name:hls,Number:0,}
[90m2026-01-17T16:25:31Z[0m [31mERR[0m [1mEntryPoint doesn't exist[0m [36mentryPointName=[0m"websecure    {}" [36mrouterName=[0msuite-spotify-callback-spotify-callback-suite-home-arpa-callback@kubernetes
[90m2026-01-17T16:25:31Z[0m [33mWRN[0m [1mMiddleware "suite-allow-lan@kubernetescrd" of type IPWhiteList is deprecated, please use IPAllowList instead.[0m
[90m2026-01-17T16:25:32Z[0m [31mERR[0m [1mEntryPoint doesn't exist[0m [36mentryPointName=[0m"websecure    {}" [36mrouterName=[0msuite-spotify-callback-spotify-callback-suite-home-arpa-callback@kubernetes
[90m2026-01-17T16:25:32Z[0m [33mWRN[0m [1mMiddleware "suite-allow-lan@kubernetescrd" of type IPWhiteList is deprecated, please use IPAllowList instead.[0m
[90m2026-01-17T16:25:33Z[0m [31mERR[0m [1mEntryPoint doesn't exist[0m [36mentryPointName=[0m"websecure    {}" [36mrouterName=[0msuite-spotify-callback-spotify-callback-suite-home-arpa-callback@kubernetes
[90m2026-01-17T16:25:33Z[0m [33mWRN[0m [1mMiddleware "suite-allow-lan@kubernetescrd" of type IPWhiteList is deprecated, please use IPAllowList instead.[0m
[90m2026-01-17T16:25:34Z[0m [31mERR[0m [1mEntryPoint doesn't exist[0m [36mentryPointName=[0m"websecure    {}" [36mrouterName=[0msuite-spotify-callback-spotify-callback-suite-home-arpa-callback@kubernetes
[90m2026-01-17T16:25:34Z[0m [33mWRN[0m [1mMiddleware "suite-allow-lan@kubernetescrd" of type IPWhiteList is deprecated, please use IPAllowList instead.[0m
[90m2026-01-17T16:26:06Z[0m [31mERR[0m [1mCannot create service[0m [36merror=[0m[31m[1m"service not found"[0m[0m [36mingress=[0mhls [36mnamespace=[0msuite [36mproviderName=[0mkubernetes [36mserviceName=[0mmediamtx [36mservicePort=[0m&ServiceBackendPort{Name:hls,Number:0,}
[90m2026-01-17T16:26:06Z[0m [31mERR[0m [1mCannot create service[0m [36merror=[0m[31m[1m"service not found"[0m[0m [36mingress=[0mmediamtx-hls [36mnamespace=[0msuite [36mproviderName=[0mkubernetes [36mserviceName=[0mmediamtx [36mservicePort=[0m&ServiceBackendPort{Name:,Number:8888,}
[90m2026-01-17T16:26:06Z[0m [31mERR[0m [1mCannot create service[0m [36merror=[0m[31m[1m"service not found"[0m[0m [36mingress=[0mcamera-uploader [36mnamespace=[0msuite [36mproviderName=[0mkubernetes [36mserviceName=[0mcamera-uploader [36mservicePort=[0m&ServiceBackendPort{Name:,Number:80,}
[90m2026-01-17T16:26:41Z[0m [31mERR[0m [1mCannot create service[0m [36merror=[0m[31m[1m"service not found"[0m[0m [36mingress=[0mcamera-uploader [36mnamespace=[0msuite [36mproviderName=[0mkubernetes [36mserviceName=[0mcamera-uploader [36mservicePort=[0m&ServiceBackendPort{Name:,Number:80,}
[90m2026-01-17T16:26:41Z[0m [31mERR[0m [1mCannot create service[0m [36merror=[0m[31m[1m"service not found"[0m[0m [36mingress=[0mhls [36mnamespace=[0msuite [36mproviderName=[0mkubernetes [36mserviceName=[0mmediamtx [36mservicePort=[0m&ServiceBackendPort{Name:hls,Number:0,}
[90m2026-01-17T16:26:41Z[0m [31mERR[0m [1mCannot create service[0m [36merror=[0m[31m[1m"service not found"[0m[0m [36mingress=[0mmediamtx-hls [36mnamespace=[0msuite [36mproviderName=[0mkubernetes [36mserviceName=[0mmediamtx [36mservicePort=[0m&ServiceBackendPort{Name:,Number:8888,}
[90m2026-01-17T16:26:49Z[0m [31mERR[0m [1mCannot create service[0m [36merror=[0m[31m[1m"service not found"[0m[0m [36mingress=[0mmediamtx-hls [36mnamespace=[0msuite [36mproviderName=[0mkubernetes [36mserviceName=[0mmediamtx [36mservicePort=[0m&ServiceBackendPort{Name:,Number:8888,}
[90m2026-01-17T16:26:49Z[0m [31mERR[0m [1mCannot create service[0m [36merror=[0m[31m[1m"service not found"[0m[0m [36mingress=[0mcamera-uploader [36mnamespace=[0msuite [36mproviderName=[0mkubernetes [36mserviceName=[0mcamera-uploader [36mservicePort=[0m&ServiceBackendPort{Name:,Number:80,}
[90m2026-01-17T16:26:49Z[0m [31mERR[0m [1mCannot create service[0m [36merror=[0m[31m[1m"service not found"[0m[0m [36mingress=[0mhls [36mnamespace=[0msuite [36mproviderName=[0mkubernetes [36mserviceName=[0mmediamtx [36mservicePort=[0m&ServiceBackendPort{Name:hls,Number:0,}
[90m2026-01-17T16:27:40Z[0m [31mERR[0m [1mCannot create service[0m [36merror=[0m[31m[1m"service not found"[0m[0m [36mingress=[0mhls [36mnamespace=[0msuite [36mproviderName=[0mkubernetes [36mserviceName=[0mmediamtx [36mservicePort=[0m&ServiceBackendPort{Name:hls,Number:0,}
[90m2026-01-17T16:27:40Z[0m [31mERR[0m [1mCannot create service[0m [36merror=[0m[31m[1m"service not found"[0m[0m [36mingress=[0mmediamtx-hls [36mnamespace=[0msuite [36mproviderName=[0mkubernetes [36mserviceName=[0mmediamtx [36mservicePort=[0m&ServiceBackendPort{Name:,Number:8888,}
[90m2026-01-17T16:27:40Z[0m [31mERR[0m [1mCannot create service[0m [36merror=[0m[31m[1m"service not found"[0m[0m [36mingress=[0mcamera-uploader [36mnamespace=[0msuite [36mproviderName=[0mkubernetes [36mserviceName=[0mcamera-uploader [36mservicePort=[0m&ServiceBackendPort{Name:,Number:80,}
[90m2026-01-17T16:27:52Z[0m [31mERR[0m [1mCannot create service[0m [36merror=[0m[31m[1m"service not found"[0m[0m [36mingress=[0mhls [36mnamespace=[0msuite [36mproviderName=[0mkubernetes [36mserviceName=[0mmediamtx [36mservicePort=[0m&ServiceBackendPort{Name:hls,Number:0,}
[90m2026-01-17T16:27:52Z[0m [31mERR[0m [1mCannot create service[0m [36merror=[0m[31m[1m"service not found"[0m[0m [36mingress=[0mmediamtx-hls [36mnamespace=[0msuite [36mproviderName=[0mkubernetes [36mserviceName=[0mmediamtx [36mservicePort=[0m&ServiceBackendPort{Name:,Number:8888,}
[90m2026-01-17T16:27:52Z[0m [31mERR[0m [1mCannot create service[0m [36merror=[0m[31m[1m"service not found"[0m[0m [36mingress=[0mcamera-uploader [36mnamespace=[0msuite [36mproviderName=[0mkubernetes [36mserviceName=[0mcamera-uploader [36mservicePort=[0m&ServiceBackendPort{Name:,Number:80,}
[90m2026-01-17T16:27:52Z[0m [31mERR[0m [1mEntryPoint doesn't exist[0m [36mentryPointName=[0m"websecure    {}" [36mrouterName=[0msuite-spotify-callback-spotify-callback-suite-home-arpa-callback@kubernetes
[90m2026-01-17T16:27:52Z[0m [33mWRN[0m [1mMiddleware "suite-allow-lan@kubernetescrd" of type IPWhiteList is deprecated, please use IPAllowList instead.[0m
[90m2026-01-17T16:27:53Z[0m [31mERR[0m [1mCannot create service[0m [36merror=[0m[31m[1m"service not found"[0m[0m [36mingress=[0mcamera-uploader [36mnamespace=[0msuite [36mproviderName=[0mkubernetes [36mserviceName=[0mcamera-uploader [36mservicePort=[0m&ServiceBackendPort{Name:,Number:80,}
[90m2026-01-17T16:27:53Z[0m [31mERR[0m [1mCannot create service[0m [36merror=[0m[31m[1m"service not found"[0m[0m [36mingress=[0mhls [36mnamespace=[0msuite [36mproviderName=[0mkubernetes [36mserviceName=[0mmediamtx [36mservicePort=[0m&ServiceBackendPort{Name:hls,Number:0,}
[90m2026-01-17T16:27:53Z[0m [31mERR[0m [1mCannot create service[0m [36merror=[0m[31m[1m"service not found"[0m[0m [36mingress=[0mmediamtx-hls [36mnamespace=[0msuite [36mproviderName=[0mkubernetes [36mserviceName=[0mmediamtx [36mservicePort=[0m&ServiceBackendPort{Name:,Number:8888,}
[90m2026-01-17T16:27:55Z[0m [31mERR[0m [1mEntryPoint doesn't exist[0m [36mentryPointName=[0m"websecure    {}" [36mrouterName=[0msuite-spotify-callback-spotify-callback-suite-home-arpa-callback@kubernetes
[90m2026-01-17T16:27:55Z[0m [33mWRN[0m [1mMiddleware "suite-allow-lan@kubernetescrd" of type IPWhiteList is deprecated, please use IPAllowList instead.[0m
[90m2026-01-17T16:28:02Z[0m [31mERR[0m [1mCannot create service[0m [36merror=[0m[31m[1m"service not found"[0m[0m [36mingress=[0mmediamtx-hls [36mnamespace=[0msuite [36mproviderName=[0mkubernetes [36mserviceName=[0mmediamtx [36mservicePort=[0m&ServiceBackendPort{Name:,Number:8888,}
[90m2026-01-17T16:28:02Z[0m [31mERR[0m [1mCannot create service[0m [36merror=[0m[31m[1m"service not found"[0m[0m [36mingress=[0mcamera-uploader [36mnamespace=[0msuite [36mproviderName=[0mkubernetes [36mserviceName=[0mcamera-uploader [36mservicePort=[0m&ServiceBackendPort{Name:,Number:80,}
[90m2026-01-17T16:28:02Z[0m [31mERR[0m [1mCannot create service[0m [36merror=[0m[31m[1m"service not found"[0m[0m [36mingress=[0mhls [36mnamespace=[0msuite [36mproviderName=[0mkubernetes [36mserviceName=[0mmediamtx [36mservicePort=[0m&ServiceBackendPort{Name:hls,Number:0,}
[90m2026-01-17T16:28:14Z[0m [31mERR[0m [1mCannot create service[0m [36merror=[0m[31m[1m"service not found"[0m[0m [36mingress=[0mhls [36mnamespace=[0msuite [36mproviderName=[0mkubernetes [36mserviceName=[0mmediamtx [36mservicePort=[0m&ServiceBackendPort{Name:hls,Number:0,}
[90m2026-01-17T16:28:14Z[0m [31mERR[0m [1mCannot create service[0m [36merror=[0m[31m[1m"service not found"[0m[0m [36mingress=[0mmediamtx-hls [36mnamespace=[0msuite [36mproviderName=[0mkubernetes [36mserviceName=[0mmediamtx [36mservicePort=[0m&ServiceBackendPort{Name:,Number:8888,}
[90m2026-01-17T16:28:14Z[0m [31mERR[0m [1mCannot create service[0m [36merror=[0m[31m[1m"service not found"[0m[0m [36mingress=[0mcamera-uploader [36mnamespace=[0msuite [36mproviderName=[0mkubernetes [36mserviceName=[0mcamera-uploader [36mservicePort=[0m&ServiceBackendPort{Name:,Number:80,}
[90m2026-01-17T16:28:14Z[0m [31mERR[0m [1mCannot create service[0m [36merror=[0m[31m[1m"service not found"[0m[0m [36mingress=[0mhls [36mnamespace=[0msuite [36mproviderName=[0mkubernetes [36mserviceName=[0mmediamtx [36mservicePort=[0m&ServiceBackendPort{Name:hls,Number:0,}
[90m2026-01-17T16:28:14Z[0m [31mERR[0m [1mCannot create service[0m [36merror=[0m[31m[1m"service not found"[0m[0m [36mingress=[0mmediamtx-hls [36mnamespace=[0msuite [36mproviderName=[0mkubernetes [36mserviceName=[0mmediamtx [36mservicePort=[0m&ServiceBackendPort{Name:,Number:8888,}
[90m2026-01-17T16:28:14Z[0m [31mERR[0m [1mCannot create service[0m [36merror=[0m[31m[1m"service not found"[0m[0m [36mingress=[0mcamera-uploader [36mnamespace=[0msuite [36mproviderName=[0mkubernetes [36mserviceName=[0mcamera-uploader [36mservicePort=[0m&ServiceBackendPort{Name:,Number:80,}
[90m2026-01-17T16:28:29Z[0m [31mERR[0m [1mCannot create service[0m [36merror=[0m[31m[1m"service not found"[0m[0m [36mingress=[0mhls [36mnamespace=[0msuite [36mproviderName=[0mkubernetes [36mserviceName=[0mmediamtx [36mservicePort=[0m&ServiceBackendPort{Name:hls,Number:0,}
[90m2026-01-17T16:28:29Z[0m [31mERR[0m [1mCannot create service[0m [36merror=[0m[31m[1m"service not found"[0m[0m [36mingress=[0mmediamtx-hls [36mnamespace=[0msuite [36mproviderName=[0mkubernetes [36mserviceName=[0mmediamtx [36mservicePort=[0m&ServiceBackendPort{Name:,Number:8888,}
[90m2026-01-17T16:28:29Z[0m [31mERR[0m [1mCannot create service[0m [36merror=[0m[31m[1m"service not found"[0m[0m [36mingress=[0mcamera-uploader [36mnamespace=[0msuite [36mproviderName=[0mkubernetes [36mserviceName=[0mcamera-uploader [36mservicePort=[0m&ServiceBackendPort{Name:,Number:80,}
[90m2026-01-17T16:28:59Z[0m [31mERR[0m [1mCannot create service[0m [36merror=[0m[31m[1m"service not found"[0m[0m [36mingress=[0mhls [36mnamespace=[0msuite [36mproviderName=[0mkubernetes [36mserviceName=[0mmediamtx [36mservicePort=[0m&ServiceBackendPort{Name:hls,Number:0,}
[90m2026-01-17T16:28:59Z[0m [31mERR[0m [1mCannot create service[0m [36merror=[0m[31m[1m"service not found"[0m[0m [36mingress=[0mmediamtx-hls [36mnamespace=[0msuite [36mproviderName=[0mkubernetes [36mserviceName=[0mmediamtx [36mservicePort=[0m&ServiceBackendPort{Name:,Number:8888,}
[90m2026-01-17T16:28:59Z[0m [31mERR[0m [1mCannot create service[0m [36merror=[0m[31m[1m"service not found"[0m[0m [36mingress=[0mcamera-uploader [36mnamespace=[0msuite [36mproviderName=[0mkubernetes [36mserviceName=[0mcamera-uploader [36mservicePort=[0m&ServiceBackendPort{Name:,Number:80,}
[90m2026-01-17T16:29:14Z[0m [31mERR[0m [1mCannot create service[0m [36merror=[0m[31m[1m"service not found"[0m[0m [36mingress=[0mcamera-uploader [36mnamespace=[0msuite [36mproviderName=[0mkubernetes [36mserviceName=[0mcamera-uploader [36mservicePort=[0m&ServiceBackendPort{Name:,Number:80,}
[90m2026-01-17T16:29:14Z[0m [31mERR[0m [1mCannot create service[0m [36merror=[0m[31m[1m"service not found"[0m[0m [36mingress=[0mhls [36mnamespace=[0msuite [36mproviderName=[0mkubernetes [36mserviceName=[0mmediamtx [36mservicePort=[0m&ServiceBackendPort{Name:hls,Number:0,}
[90m2026-01-17T16:29:14Z[0m [31mERR[0m [1mCannot create service[0m [36merror=[0m[31m[1m"service not found"[0m[0m [36mingress=[0mmediamtx-hls [36mnamespace=[0msuite [36mproviderName=[0mkubernetes [36mserviceName=[0mmediamtx [36mservicePort=[0m&ServiceBackendPort{Name:,Number:8888,}
[90m2026-01-17T16:30:26Z[0m [31mERR[0m [1mCannot create service[0m [36merror=[0m[31m[1m"service not found"[0m[0m [36mingress=[0mhls [36mnamespace=[0msuite [36mproviderName=[0mkubernetes [36mserviceName=[0mmediamtx [36mservicePort=[0m&ServiceBackendPort{Name:hls,Number:0,}
[90m2026-01-17T16:30:26Z[0m [31mERR[0m [1mCannot create service[0m [36merror=[0m[31m[1m"service not found"[0m[0m [36mingress=[0mmediamtx-hls [36mnamespace=[0msuite [36mproviderName=[0mkubernetes [36mserviceName=[0mmediamtx [36mservicePort=[0m&ServiceBackendPort{Name:,Number:8888,}
[90m2026-01-17T16:30:26Z[0m [31mERR[0m [1mCannot create service[0m [36merror=[0m[31m[1m"service not found"[0m[0m [36mingress=[0mcamera-uploader [36mnamespace=[0msuite [36mproviderName=[0mkubernetes [36mserviceName=[0mcamera-uploader [36mservicePort=[0m&ServiceBackendPort{Name:,Number:80,}
[90m2026-01-17T16:31:12Z[0m [31mERR[0m [1mCannot create service[0m [36merror=[0m[31m[1m"service not found"[0m[0m [36mingress=[0mmediamtx-hls [36mnamespace=[0msuite [36mproviderName=[0mkubernetes [36mserviceName=[0mmediamtx [36mservicePort=[0m&ServiceBackendPort{Name:,Number:8888,}
[90m2026-01-17T16:31:12Z[0m [31mERR[0m [1mCannot create service[0m [36merror=[0m[31m[1m"service not found"[0m[0m [36mingress=[0mcamera-uploader [36mnamespace=[0msuite [36mproviderName=[0mkubernetes [36mserviceName=[0mcamera-uploader [36mservicePort=[0m&ServiceBackendPort{Name:,Number:80,}
[90m2026-01-17T16:31:12Z[0m [31mERR[0m [1mCannot create service[0m [36merror=[0m[31m[1m"service not found"[0m[0m [36mingress=[0mhls [36mnamespace=[0msuite [36mproviderName=[0mkubernetes [36mserviceName=[0mmediamtx [36mservicePort=[0m&ServiceBackendPort{Name:hls,Number:0,}
[90m2026-01-17T16:31:47Z[0m [31mERR[0m [1mCannot create service[0m [36merror=[0m[31m[1m"service not found"[0m[0m [36mingress=[0mhls [36mnamespace=[0msuite [36mproviderName=[0mkubernetes [36mserviceName=[0mmediamtx [36mservicePort=[0m&ServiceBackendPort{Name:hls,Number:0,}
[90m2026-01-17T16:31:47Z[0m [31mERR[0m [1mCannot create service[0m [36merror=[0m[31m[1m"service not found"[0m[0m [36mingress=[0mmediamtx-hls [36mnamespace=[0msuite [36mproviderName=[0mkubernetes [36mserviceName=[0mmediamtx [36mservicePort=[0m&ServiceBackendPort{Name:,Number:8888,}
[90m2026-01-17T16:31:47Z[0m [31mERR[0m [1mCannot create service[0m [36merror=[0m[31m[1m"service not found"[0m[0m [36mingress=[0mcamera-uploader [36mnamespace=[0msuite [36mproviderName=[0mkubernetes [36mserviceName=[0mcamera-uploader [36mservicePort=[0m&ServiceBackendPort{Name:,Number:80,}
[90m2026-01-17T16:31:55Z[0m [31mERR[0m [1mCannot create service[0m [36merror=[0m[31m[1m"service not found"[0m[0m [36mingress=[0mhls [36mnamespace=[0msuite [36mproviderName=[0mkubernetes [36mserviceName=[0mmediamtx [36mservicePort=[0m&ServiceBackendPort{Name:hls,Number:0,}
[90m2026-01-17T16:31:55Z[0m [31mERR[0m [1mCannot create service[0m [36merror=[0m[31m[1m"service not found"[0m[0m [36mingress=[0mmediamtx-hls [36mnamespace=[0msuite [36mproviderName=[0mkubernetes [36mserviceName=[0mmediamtx [36mservicePort=[0m&ServiceBackendPort{Name:,Number:8888,}
[90m2026-01-17T16:31:55Z[0m [31mERR[0m [1mCannot create service[0m [36merror=[0m[31m[1m"service not found"[0m[0m [36mingress=[0mcamera-uploader [36mnamespace=[0msuite [36mproviderName=[0mkubernetes [36mserviceName=[0mcamera-uploader [36mservicePort=[0m&ServiceBackendPort{Name:,Number:80,}
[90m2026-01-17T16:32:45Z[0m [31mERR[0m [1mCannot create service[0m [36merror=[0m[31m[1m"service not found"[0m[0m [36mingress=[0mcamera-uploader [36mnamespace=[0msuite [36mproviderName=[0mkubernetes [36mserviceName=[0mcamera-uploader [36mservicePort=[0m&ServiceBackendPort{Name:,Number:80,}
[90m2026-01-17T16:32:45Z[0m [31mERR[0m [1mCannot create service[0m [36merror=[0m[31m[1m"service not found"[0m[0m [36mingress=[0mhls [36mnamespace=[0msuite [36mproviderName=[0mkubernetes [36mserviceName=[0mmediamtx [36mservicePort=[0m&ServiceBackendPort{Name:hls,Number:0,}
[90m2026-01-17T16:32:45Z[0m [31mERR[0m [1mCannot create service[0m [36merror=[0m[31m[1m"service not found"[0m[0m [36mingress=[0mmediamtx-hls [36mnamespace=[0msuite [36mproviderName=[0mkubernetes [36mserviceName=[0mmediamtx [36mservicePort=[0m&ServiceBackendPort{Name:,Number:8888,}
[90m2026-01-17T16:32:55Z[0m [31mERR[0m [1mCannot create service[0m [36merror=[0m[31m[1m"service not found"[0m[0m [36mingress=[0mhls [36mnamespace=[0msuite [36mproviderName=[0mkubernetes [36mserviceName=[0mmediamtx [36mservicePort=[0m&ServiceBackendPort{Name:hls,Number:0,}
[90m2026-01-17T16:32:55Z[0m [31mERR[0m [1mCannot create service[0m [36merror=[0m[31m[1m"service not found"[0m[0m [36mingress=[0mmediamtx-hls [36mnamespace=[0msuite [36mproviderName=[0mkubernetes [36mserviceName=[0mmediamtx [36mservicePort=[0m&ServiceBackendPort{Name:,Number:8888,}
[90m2026-01-17T16:32:55Z[0m [31mERR[0m [1mCannot create service[0m [36merror=[0m[31m[1m"service not found"[0m[0m [36mingress=[0mcamera-uploader [36mnamespace=[0msuite [36mproviderName=[0mkubernetes [36mserviceName=[0mcamera-uploader [36mservicePort=[0m&ServiceBackendPort{Name:,Number:80,}
[90m2026-01-17T16:32:56Z[0m [31mERR[0m [1mCannot create service[0m [36merror=[0m[31m[1m"service not found"[0m[0m [36mingress=[0mhls [36mnamespace=[0msuite [36mproviderName=[0mkubernetes [36mserviceName=[0mmediamtx [36mservicePort=[0m&ServiceBackendPort{Name:hls,Number:0,}
[90m2026-01-17T16:32:56Z[0m [31mERR[0m [1mCannot create service[0m [36merror=[0m[31m[1m"service not found"[0m[0m [36mingress=[0mmediamtx-hls [36mnamespace=[0msuite [36mproviderName=[0mkubernetes [36mserviceName=[0mmediamtx [36mservicePort=[0m&ServiceBackendPort{Name:,Number:8888,}
[90m2026-01-17T16:32:56Z[0m [31mERR[0m [1mCannot create service[0m [36merror=[0m[31m[1m"service not found"[0m[0m [36mingress=[0mcamera-uploader [36mnamespace=[0msuite [36mproviderName=[0mkubernetes [36mserviceName=[0mcamera-uploader [36mservicePort=[0m&ServiceBackendPort{Name:,Number:80,}
[90m2026-01-17T16:33:08Z[0m [31mERR[0m [1mCannot create service[0m [36merror=[0m[31m[1m"service not found"[0m[0m [36mingress=[0mhls [36mnamespace=[0msuite [36mproviderName=[0mkubernetes [36mserviceName=[0mmediamtx [36mservicePort=[0m&ServiceBackendPort{Name:hls,Number:0,}
[90m2026-01-17T16:33:08Z[0m [31mERR[0m [1mCannot create service[0m [36merror=[0m[31m[1m"service not found"[0m[0m [36mingress=[0mmediamtx-hls [36mnamespace=[0msuite [36mproviderName=[0mkubernetes [36mserviceName=[0mmediamtx [36mservicePort=[0m&ServiceBackendPort{Name:,Number:8888,}
[90m2026-01-17T16:33:08Z[0m [31mERR[0m [1mCannot create service[0m [36merror=[0m[31m[1m"service not found"[0m[0m [36mingress=[0mcamera-uploader [36mnamespace=[0msuite [36mproviderName=[0mkubernetes [36mserviceName=[0mcamera-uploader [36mservicePort=[0m&ServiceBackendPort{Name:,Number:80,}
[90m2026-01-17T16:33:14Z[0m [31mERR[0m [1mCannot create service[0m [36merror=[0m[31m[1m"service not found"[0m[0m [36mingress=[0mhls [36mnamespace=[0msuite [36mproviderName=[0mkubernetes [36mserviceName=[0mmediamtx [36mservicePort=[0m&ServiceBackendPort{Name:hls,Number:0,}
[90m2026-01-17T16:33:14Z[0m [31mERR[0m [1mCannot create service[0m [36merror=[0m[31m[1m"service not found"[0m[0m [36mingress=[0mmediamtx-hls [36mnamespace=[0msuite [36mproviderName=[0mkubernetes [36mserviceName=[0mmediamtx [36mservicePort=[0m&ServiceBackendPort{Name:,Number:8888,}
[90m2026-01-17T16:33:14Z[0m [31mERR[0m [1mCannot create service[0m [36merror=[0m[31m[1m"service not found"[0m[0m [36mingress=[0mcamera-uploader [36mnamespace=[0msuite [36mproviderName=[0mkubernetes [36mserviceName=[0mcamera-uploader [36mservicePort=[0m&ServiceBackendPort{Name:,Number:80,}
[90m2026-01-17T16:33:14Z[0m [31mERR[0m [1mCannot create service[0m [36merror=[0m[31m[1m"service not found"[0m[0m [36mingress=[0mcamera-uploader [36mnamespace=[0msuite [36mproviderName=[0mkubernetes [36mserviceName=[0mcamera-uploader [36mservicePort=[0m&ServiceBackendPort{Name:,Number:80,}
[90m2026-01-17T16:33:14Z[0m [31mERR[0m [1mCannot create service[0m [36merror=[0m[31m[1m"service not found"[0m[0m [36mingress=[0mhls [36mnamespace=[0msuite [36mproviderName=[0mkubernetes [36mserviceName=[0mmediamtx [36mservicePort=[0m&ServiceBackendPort{Name:hls,Number:0,}
[90m2026-01-17T16:33:14Z[0m [31mERR[0m [1mCannot create service[0m [36merror=[0m[31m[1m"service not found"[0m[0m [36mingress=[0mmediamtx-hls [36mnamespace=[0msuite [36mproviderName=[0mkubernetes [36mserviceName=[0mmediamtx [36mservicePort=[0m&ServiceBackendPort{Name:,Number:8888,}
[90m2026-01-17T16:33:29Z[0m [31mERR[0m [1mCannot create service[0m [36merror=[0m[31m[1m"service not found"[0m[0m [36mingress=[0mmediamtx-hls [36mnamespace=[0msuite [36mproviderName=[0mkubernetes [36mserviceName=[0mmediamtx [36mservicePort=[0m&ServiceBackendPort{Name:,Number:8888,}
[90m2026-01-17T16:33:29Z[0m [31mERR[0m [1mCannot create service[0m [36merror=[0m[31m[1m"service not found"[0m[0m [36mingress=[0mcamera-uploader [36mnamespace=[0msuite [36mproviderName=[0mkubernetes [36mserviceName=[0mcamera-uploader [36mservicePort=[0m&ServiceBackendPort{Name:,Number:80,}
[90m2026-01-17T16:33:29Z[0m [31mERR[0m [1mCannot create service[0m [36merror=[0m[31m[1m"service not found"[0m[0m [36mingress=[0mhls [36mnamespace=[0msuite [36mproviderName=[0mkubernetes [36mserviceName=[0mmediamtx [36mservicePort=[0m&ServiceBackendPort{Name:hls,Number:0,}
[90m2026-01-17T16:33:38Z[0m [31mERR[0m [1mCannot create service[0m [36merror=[0m[31m[1m"service not found"[0m[0m [36mingress=[0mmediamtx-hls [36mnamespace=[0msuite [36mproviderName=[0mkubernetes [36mserviceName=[0mmediamtx [36mservicePort=[0m&ServiceBackendPort{Name:,Number:8888,}
[90m2026-01-17T16:33:38Z[0m [31mERR[0m [1mCannot create service[0m [36merror=[0m[31m[1m"service not found"[0m[0m [36mingress=[0mcamera-uploader [36mnamespace=[0msuite [36mproviderName=[0mkubernetes [36mserviceName=[0mcamera-uploader [36mservicePort=[0m&ServiceBackendPort{Name:,Number:80,}
[90m2026-01-17T16:33:38Z[0m [31mERR[0m [1mCannot create service[0m [36merror=[0m[31m[1m"service not found"[0m[0m [36mingress=[0mhls [36mnamespace=[0msuite [36mproviderName=[0mkubernetes [36mserviceName=[0mmediamtx [36mservicePort=[0m&ServiceBackendPort{Name:hls,Number:0,}
[90m2026-01-17T16:35:32Z[0m [31mERR[0m [1mCannot create service[0m [36merror=[0m[31m[1m"service not found"[0m[0m [36mingress=[0mhls [36mnamespace=[0msuite [36mproviderName=[0mkubernetes [36mserviceName=[0mmediamtx [36mservicePort=[0m&ServiceBackendPort{Name:hls,Number:0,}
[90m2026-01-17T16:35:32Z[0m [31mERR[0m [1mCannot create service[0m [36merror=[0m[31m[1m"service not found"[0m[0m [36mingress=[0mmediamtx-hls [36mnamespace=[0msuite [36mproviderName=[0mkubernetes [36mserviceName=[0mmediamtx [36mservicePort=[0m&ServiceBackendPort{Name:,Number:8888,}
[90m2026-01-17T16:35:32Z[0m [31mERR[0m [1mCannot create service[0m [36merror=[0m[31m[1m"service not found"[0m[0m [36mingress=[0mcamera-uploader [36mnamespace=[0msuite [36mproviderName=[0mkubernetes [36mserviceName=[0mcamera-uploader [36mservicePort=[0m&ServiceBackendPort{Name:,Number:80,}
[90m2026-01-17T16:36:14Z[0m [31mERR[0m [1mCannot create service[0m [36merror=[0m[31m[1m"service not found"[0m[0m [36mingress=[0mhls [36mnamespace=[0msuite [36mproviderName=[0mkubernetes [36mserviceName=[0mmediamtx [36mservicePort=[0m&ServiceBackendPort{Name:hls,Number:0,}
[90m2026-01-17T16:36:14Z[0m [31mERR[0m [1mCannot create service[0m [36merror=[0m[31m[1m"service not found"[0m[0m [36mingress=[0mmediamtx-hls [36mnamespace=[0msuite [36mproviderName=[0mkubernetes [36mserviceName=[0mmediamtx [36mservicePort=[0m&ServiceBackendPort{Name:,Number:8888,}
[90m2026-01-17T16:36:14Z[0m [31mERR[0m [1mCannot create service[0m [36merror=[0m[31m[1m"service not found"[0m[0m [36mingress=[0mcamera-uploader [36mnamespace=[0msuite [36mproviderName=[0mkubernetes [36mserviceName=[0mcamera-uploader [36mservicePort=[0m&ServiceBackendPort{Name:,Number:80,}
[90m2026-01-17T16:36:15Z[0m [31mERR[0m [1mCannot create service[0m [36merror=[0m[31m[1m"service not found"[0m[0m [36mingress=[0mcamera-uploader [36mnamespace=[0msuite [36mproviderName=[0mkubernetes [36mserviceName=[0mcamera-uploader [36mservicePort=[0m&ServiceBackendPort{Name:,Number:80,}
[90m2026-01-17T16:36:15Z[0m [31mERR[0m [1mCannot create service[0m [36merror=[0m[31m[1m"service not found"[0m[0m [36mingress=[0mhls [36mnamespace=[0msuite [36mproviderName=[0mkubernetes [36mserviceName=[0mmediamtx [36mservicePort=[0m&ServiceBackendPort{Name:hls,Number:0,}
[90m2026-01-17T16:36:15Z[0m [31mERR[0m [1mCannot create service[0m [36merror=[0m[31m[1m"service not found"[0m[0m [36mingress=[0mmediamtx-hls [36mnamespace=[0msuite [36mproviderName=[0mkubernetes [36mserviceName=[0mmediamtx [36mservicePort=[0m&ServiceBackendPort{Name:,Number:8888,}
[90m2026-01-17T16:36:18Z[0m [31mERR[0m [1mCannot create service[0m [36merror=[0m[31m[1m"service not found"[0m[0m [36mingress=[0mcamera-uploader [36mnamespace=[0msuite [36mproviderName=[0mkubernetes [36mserviceName=[0mcamera-uploader [36mservicePort=[0m&ServiceBackendPort{Name:,Number:80,}
[90m2026-01-17T16:36:18Z[0m [31mERR[0m [1mCannot create service[0m [36merror=[0m[31m[1m"service not found"[0m[0m [36mingress=[0mhls [36mnamespace=[0msuite [36mproviderName=[0mkubernetes [36mserviceName=[0mmediamtx [36mservicePort=[0m&ServiceBackendPort{Name:hls,Number:0,}
[90m2026-01-17T16:36:18Z[0m [31mERR[0m [1mCannot create service[0m [36merror=[0m[31m[1m"service not found"[0m[0m [36mingress=[0mmediamtx-hls [36mnamespace=[0msuite [36mproviderName=[0mkubernetes [36mserviceName=[0mmediamtx [36mservicePort=[0m&ServiceBackendPort{Name:,Number:8888,}
[90m2026-01-17T16:36:53Z[0m [31mERR[0m [1mCannot create service[0m [36merror=[0m[31m[1m"service not found"[0m[0m [36mingress=[0mhls [36mnamespace=[0msuite [36mproviderName=[0mkubernetes [36mserviceName=[0mmediamtx [36mservicePort=[0m&ServiceBackendPort{Name:hls,Number:0,}
[90m2026-01-17T16:36:53Z[0m [31mERR[0m [1mCannot create service[0m [36merror=[0m[31m[1m"service not found"[0m[0m [36mingress=[0mmediamtx-hls [36mnamespace=[0msuite [36mproviderName=[0mkubernetes [36mserviceName=[0mmediamtx [36mservicePort=[0m&ServiceBackendPort{Name:,Number:8888,}
[90m2026-01-17T16:36:53Z[0m [31mERR[0m [1mCannot create service[0m [36merror=[0m[31m[1m"service not found"[0m[0m [36mingress=[0mcamera-uploader [36mnamespace=[0msuite [36mproviderName=[0mkubernetes [36mserviceName=[0mcamera-uploader [36mservicePort=[0m&ServiceBackendPort{Name:,Number:80,}
[90m2026-01-17T16:37:01Z[0m [31mERR[0m [1mCannot create service[0m [36merror=[0m[31m[1m"service not found"[0m[0m [36mingress=[0mmediamtx-hls [36mnamespace=[0msuite [36mproviderName=[0mkubernetes [36mserviceName=[0mmediamtx [36mservicePort=[0m&ServiceBackendPort{Name:,Number:8888,}
[90m2026-01-17T16:37:01Z[0m [31mERR[0m [1mCannot create service[0m [36merror=[0m[31m[1m"service not found"[0m[0m [36mingress=[0mcamera-uploader [36mnamespace=[0msuite [36mproviderName=[0mkubernetes [36mserviceName=[0mcamera-uploader [36mservicePort=[0m&ServiceBackendPort{Name:,Number:80,}
[90m2026-01-17T16:37:01Z[0m [31mERR[0m [1mCannot create service[0m [36merror=[0m[31m[1m"service not found"[0m[0m [36mingress=[0mhls [36mnamespace=[0msuite [36mproviderName=[0mkubernetes [36mserviceName=[0mmediamtx [36mservicePort=[0m&ServiceBackendPort{Name:hls,Number:0,}
[90m2026-01-17T16:37:50Z[0m [31mERR[0m [1mCannot create service[0m [36merror=[0m[31m[1m"service not found"[0m[0m [36mingress=[0mcamera-uploader [36mnamespace=[0msuite [36mproviderName=[0mkubernetes [36mserviceName=[0mcamera-uploader [36mservicePort=[0m&ServiceBackendPort{Name:,Number:80,}
[90m2026-01-17T16:37:50Z[0m [31mERR[0m [1mCannot create service[0m [36merror=[0m[31m[1m"service not found"[0m[0m [36mingress=[0mhls [36mnamespace=[0msuite [36mproviderName=[0mkubernetes [36mserviceName=[0mmediamtx [36mservicePort=[0m&ServiceBackendPort{Name:hls,Number:0,}
[90m2026-01-17T16:37:50Z[0m [31mERR[0m [1mCannot create service[0m [36merror=[0m[31m[1m"service not found"[0m[0m [36mingress=[0mmediamtx-hls [36mnamespace=[0msuite [36mproviderName=[0mkubernetes [36mserviceName=[0mmediamtx [36mservicePort=[0m&ServiceBackendPort{Name:,Number:8888,}
[90m2026-01-17T16:38:14Z[0m [31mERR[0m [1mCannot create service[0m [36merror=[0m[31m[1m"service not found"[0m[0m [36mingress=[0mcamera-uploader [36mnamespace=[0msuite [36mproviderName=[0mkubernetes [36mserviceName=[0mcamera-uploader [36mservicePort=[0m&ServiceBackendPort{Name:,Number:80,}
[90m2026-01-17T16:38:14Z[0m [31mERR[0m [1mCannot create service[0m [36merror=[0m[31m[1m"service not found"[0m[0m [36mingress=[0mhls [36mnamespace=[0msuite [36mproviderName=[0mkubernetes [36mserviceName=[0mmediamtx [36mservicePort=[0m&ServiceBackendPort{Name:hls,Number:0,}
[90m2026-01-17T16:38:14Z[0m [31mERR[0m [1mCannot create service[0m [36merror=[0m[31m[1m"service not found"[0m[0m [36mingress=[0mmediamtx-hls [36mnamespace=[0msuite [36mproviderName=[0mkubernetes [36mserviceName=[0mmediamtx [36mservicePort=[0m&ServiceBackendPort{Name:,Number:8888,}
[90m2026-01-17T16:38:14Z[0m [31mERR[0m [1mCannot create service[0m [36merror=[0m[31m[1m"service not found"[0m[0m [36mingress=[0mhls [36mnamespace=[0msuite [36mproviderName=[0mkubernetes [36mserviceName=[0mmediamtx [36mservicePort=[0m&ServiceBackendPort{Name:hls,Number:0,}
[90m2026-01-17T16:38:14Z[0m [31mERR[0m [1mCannot create service[0m [36merror=[0m[31m[1m"service not found"[0m[0m [36mingress=[0mmediamtx-hls [36mnamespace=[0msuite [36mproviderName=[0mkubernetes [36mserviceName=[0mmediamtx [36mservicePort=[0m&ServiceBackendPort{Name:,Number:8888,}
[90m2026-01-17T16:38:14Z[0m [31mERR[0m [1mCannot create service[0m [36merror=[0m[31m[1m"service not found"[0m[0m [36mingress=[0mcamera-uploader [36mnamespace=[0msuite [36mproviderName=[0mkubernetes [36mserviceName=[0mcamera-uploader [36mservicePort=[0m&ServiceBackendPort{Name:,Number:80,}
[90m2026-01-17T16:38:15Z[0m [31mERR[0m [1mCannot create service[0m [36merror=[0m[31m[1m"service not found"[0m[0m [36mingress=[0mhls [36mnamespace=[0msuite [36mproviderName=[0mkubernetes [36mserviceName=[0mmediamtx [36mservicePort=[0m&ServiceBackendPort{Name:hls,Number:0,}
[90m2026-01-17T16:38:15Z[0m [31mERR[0m [1mCannot create service[0m [36merror=[0m[31m[1m"service not found"[0m[0m [36mingress=[0mmediamtx-hls [36mnamespace=[0msuite [36mproviderName=[0mkubernetes [36mserviceName=[0mmediamtx [36mservicePort=[0m&ServiceBackendPort{Name:,Number:8888,}
[90m2026-01-17T16:38:15Z[0m [31mERR[0m [1mCannot create service[0m [36merror=[0m[31m[1m"service not found"[0m[0m [36mingress=[0mcamera-uploader [36mnamespace=[0msuite [36mproviderName=[0mkubernetes [36mserviceName=[0mcamera-uploader [36mservicePort=[0m&ServiceBackendPort{Name:,Number:80,}
[90m2026-01-17T16:38:29Z[0m [31mERR[0m [1mCannot create service[0m [36merror=[0m[31m[1m"service not found"[0m[0m [36mingress=[0mmediamtx-hls [36mnamespace=[0msuite [36mproviderName=[0mkubernetes [36mserviceName=[0mmediamtx [36mservicePort=[0m&ServiceBackendPort{Name:,Number:8888,}
[90m2026-01-17T16:38:29Z[0m [31mERR[0m [1mCannot create service[0m [36merror=[0m[31m[1m"service not found"[0m[0m [36mingress=[0mcamera-uploader [36mnamespace=[0msuite [36mproviderName=[0mkubernetes [36mserviceName=[0mcamera-uploader [36mservicePort=[0m&ServiceBackendPort{Name:,Number:80,}
[90m2026-01-17T16:38:29Z[0m [31mERR[0m [1mCannot create service[0m [36merror=[0m[31m[1m"service not found"[0m[0m [36mingress=[0mhls [36mnamespace=[0msuite [36mproviderName=[0mkubernetes [36mserviceName=[0mmediamtx [36mservicePort=[0m&ServiceBackendPort{Name:hls,Number:0,}
[90m2026-01-17T16:39:20Z[0m [31mERR[0m [1mCannot create service[0m [36merror=[0m[31m[1m"service not found"[0m[0m [36mingress=[0mhls [36mnamespace=[0msuite [36mproviderName=[0mkubernetes [36mserviceName=[0mmediamtx [36mservicePort=[0m&ServiceBackendPort{Name:hls,Number:0,}
[90m2026-01-17T16:39:20Z[0m [31mERR[0m [1mCannot create service[0m [36merror=[0m[31m[1m"service not found"[0m[0m [36mingress=[0mmediamtx-hls [36mnamespace=[0msuite [36mproviderName=[0mkubernetes [36mserviceName=[0mmediamtx [36mservicePort=[0m&ServiceBackendPort{Name:,Number:8888,}
[90m2026-01-17T16:39:20Z[0m [31mERR[0m [1mCannot create service[0m [36merror=[0m[31m[1m"service not found"[0m[0m [36mingress=[0mcamera-uploader [36mnamespace=[0msuite [36mproviderName=[0mkubernetes [36mserviceName=[0mcamera-uploader [36mservicePort=[0m&ServiceBackendPort{Name:,Number:80,}
[90m2026-01-17T16:39:24Z[0m [31mERR[0m [1mCannot create service[0m [36merror=[0m[31m[1m"service not found"[0m[0m [36mingress=[0mhls [36mnamespace=[0msuite [36mproviderName=[0mkubernetes [36mserviceName=[0mmediamtx [36mservicePort=[0m&ServiceBackendPort{Name:hls,Number:0,}
[90m2026-01-17T16:39:24Z[0m [31mERR[0m [1mCannot create service[0m [36merror=[0m[31m[1m"service not found"[0m[0m [36mingress=[0mmediamtx-hls [36mnamespace=[0msuite [36mproviderName=[0mkubernetes [36mserviceName=[0mmediamtx [36mservicePort=[0m&ServiceBackendPort{Name:,Number:8888,}
[90m2026-01-17T16:39:24Z[0m [31mERR[0m [1mCannot create service[0m [36merror=[0m[31m[1m"service not found"[0m[0m [36mingress=[0mcamera-uploader [36mnamespace=[0msuite [36mproviderName=[0mkubernetes [36mserviceName=[0mcamera-uploader [36mservicePort=[0m&ServiceBackendPort{Name:,Number:80,}
[90m2026-01-17T16:40:27Z[0m [31mERR[0m [1mCannot create service[0m [36merror=[0m[31m[1m"service not found"[0m[0m [36mingress=[0mmediamtx-hls [36mnamespace=[0msuite [36mproviderName=[0mkubernetes [36mserviceName=[0mmediamtx [36mservicePort=[0m&ServiceBackendPort{Name:,Number:8888,}
[90m2026-01-17T16:40:27Z[0m [31mERR[0m [1mCannot create service[0m [36merror=[0m[31m[1m"service not found"[0m[0m [36mingress=[0mcamera-uploader [36mnamespace=[0msuite [36mproviderName=[0mkubernetes [36mserviceName=[0mcamera-uploader [36mservicePort=[0m&ServiceBackendPort{Name:,Number:80,}
[90m2026-01-17T16:40:27Z[0m [31mERR[0m [1mCannot create service[0m [36merror=[0m[31m[1m"service not found"[0m[0m [36mingress=[0mhls [36mnamespace=[0msuite [36mproviderName=[0mkubernetes [36mserviceName=[0mmediamtx [36mservicePort=[0m&ServiceBackendPort{Name:hls,Number:0,}
[90m2026-01-17T16:40:29Z[0m [31mERR[0m [1mCannot create service[0m [36merror=[0m[31m[1m"service not found"[0m[0m [36mingress=[0mhls [36mnamespace=[0msuite [36mproviderName=[0mkubernetes [36mserviceName=[0mmediamtx [36mservicePort=[0m&ServiceBackendPort{Name:hls,Number:0,}
[90m2026-01-17T16:40:29Z[0m [31mERR[0m [1mCannot create service[0m [36merror=[0m[31m[1m"service not found"[0m[0m [36mingress=[0mmediamtx-hls [36mnamespace=[0msuite [36mproviderName=[0mkubernetes [36mserviceName=[0mmediamtx [36mservicePort=[0m&ServiceBackendPort{Name:,Number:8888,}
[90m2026-01-17T16:40:29Z[0m [31mERR[0m [1mCannot create service[0m [36merror=[0m[31m[1m"service not found"[0m[0m [36mingress=[0mcamera-uploader [36mnamespace=[0msuite [36mproviderName=[0mkubernetes [36mserviceName=[0mcamera-uploader [36mservicePort=[0m&ServiceBackendPort{Name:,Number:80,}
[90m2026-01-17T16:40:29Z[0m [31mERR[0m [1mCannot create service[0m [36merror=[0m[31m[1m"service not found"[0m[0m [36mingress=[0mhls [36mnamespace=[0msuite [36mproviderName=[0mkubernetes [36mserviceName=[0mmediamtx [36mservicePort=[0m&ServiceBackendPort{Name:hls,Number:0,}
[90m2026-01-17T16:40:29Z[0m [31mERR[0m [1mCannot create service[0m [36merror=[0m[31m[1m"service not found"[0m[0m [36mingress=[0mmediamtx-hls [36mnamespace=[0msuite [36mproviderName=[0mkubernetes [36mserviceName=[0mmediamtx [36mservicePort=[0m&ServiceBackendPort{Name:,Number:8888,}
[90m2026-01-17T16:40:29Z[0m [31mERR[0m [1mCannot create service[0m [36merror=[0m[31m[1m"service not found"[0m[0m [36mingress=[0mcamera-uploader [36mnamespace=[0msuite [36mproviderName=[0mkubernetes [36mserviceName=[0mcamera-uploader [36mservicePort=[0m&ServiceBackendPort{Name:,Number:80,}
[90m2026-01-17T16:40:30Z[0m [31mERR[0m [1mEntryPoint doesn't exist[0m [36mentryPointName=[0m"websecure    {}" [36mrouterName=[0msuite-spotify-callback-spotify-callback-suite-home-arpa-callback@kubernetes
[90m2026-01-17T16:40:30Z[0m [33mWRN[0m [1mMiddleware "suite-allow-lan@kubernetescrd" of type IPWhiteList is deprecated, please use IPAllowList instead.[0m
[90m2026-01-17T16:40:31Z[0m [31mERR[0m [1mEntryPoint doesn't exist[0m [36mentryPointName=[0m"websecure    {}" [36mrouterName=[0msuite-spotify-callback-spotify-callback-suite-home-arpa-callback@kubernetes
[90m2026-01-17T16:40:31Z[0m [33mWRN[0m [1mMiddleware "suite-allow-lan@kubernetescrd" of type IPWhiteList is deprecated, please use IPAllowList instead.[0m
[90m2026-01-17T16:40:31Z[0m [31mERR[0m [1mCannot create service[0m [36merror=[0m[31m[1m"service not found"[0m[0m [36mingress=[0mcamera-uploader [36mnamespace=[0msuite [36mproviderName=[0mkubernetes [36mserviceName=[0mcamera-uploader [36mservicePort=[0m&ServiceBackendPort{Name:,Number:80,}
[90m2026-01-17T16:40:31Z[0m [31mERR[0m [1mCannot create service[0m [36merror=[0m[31m[1m"service not found"[0m[0m [36mingress=[0mhls [36mnamespace=[0msuite [36mproviderName=[0mkubernetes [36mserviceName=[0mmediamtx [36mservicePort=[0m&ServiceBackendPort{Name:hls,Number:0,}
[90m2026-01-17T16:40:31Z[0m [31mERR[0m [1mCannot create service[0m [36merror=[0m[31m[1m"service not found"[0m[0m [36mingress=[0mmediamtx-hls [36mnamespace=[0msuite [36mproviderName=[0mkubernetes [36mserviceName=[0mmediamtx [36mservicePort=[0m&ServiceBackendPort{Name:,Number:8888,}
[90m2026-01-17T16:40:31Z[0m [31mERR[0m [1mCannot create service[0m [36merror=[0m[31m[1m"service not found"[0m[0m [36mingress=[0mhls [36mnamespace=[0msuite [36mproviderName=[0mkubernetes [36mserviceName=[0mmediamtx [36mservicePort=[0m&ServiceBackendPort{Name:hls,Number:0,}
[90m2026-01-17T16:40:31Z[0m [31mERR[0m [1mCannot create service[0m [36merror=[0m[31m[1m"service not found"[0m[0m [36mingress=[0mmediamtx-hls [36mnamespace=[0msuite [36mproviderName=[0mkubernetes [36mserviceName=[0mmediamtx [36mservicePort=[0m&ServiceBackendPort{Name:,Number:8888,}
[90m2026-01-17T16:40:31Z[0m [31mERR[0m [1mCannot create service[0m [36merror=[0m[31m[1m"service not found"[0m[0m [36mingress=[0mcamera-uploader [36mnamespace=[0msuite [36mproviderName=[0mkubernetes [36mserviceName=[0mcamera-uploader [36mservicePort=[0m&ServiceBackendPort{Name:,Number:80,}
[90m2026-01-17T16:40:32Z[0m [31mERR[0m [1mEntryPoint doesn't exist[0m [36mentryPointName=[0m"websecure    {}" [36mrouterName=[0msuite-spotify-callback-spotify-callback-suite-home-arpa-callback@kubernetes
[90m2026-01-17T16:40:32Z[0m [33mWRN[0m [1mMiddleware "suite-allow-lan@kubernetescrd" of type IPWhiteList is deprecated, please use IPAllowList instead.[0m
[90m2026-01-17T16:40:32Z[0m [31mERR[0m [1mEntryPoint doesn't exist[0m [36mentryPointName=[0m"websecure    {}" [36mrouterName=[0msuite-spotify-callback-spotify-callback-suite-home-arpa-callback@kubernetes
[90m2026-01-17T16:40:32Z[0m [33mWRN[0m [1mMiddleware "suite-allow-lan@kubernetescrd" of type IPWhiteList is deprecated, please use IPAllowList instead.[0m
[90m2026-01-17T16:40:33Z[0m [31mERR[0m [1mCannot create service[0m [36merror=[0m[31m[1m"service not found"[0m[0m [36mingress=[0mhls [36mnamespace=[0msuite [36mproviderName=[0mkubernetes [36mserviceName=[0mmediamtx [36mservicePort=[0m&ServiceBackendPort{Name:hls,Number:0,}
[90m2026-01-17T16:40:33Z[0m [31mERR[0m [1mCannot create service[0m [36merror=[0m[31m[1m"service not found"[0m[0m [36mingress=[0mmediamtx-hls [36mnamespace=[0msuite [36mproviderName=[0mkubernetes [36mserviceName=[0mmediamtx [36mservicePort=[0m&ServiceBackendPort{Name:,Number:8888,}
[90m2026-01-17T16:40:33Z[0m [31mERR[0m [1mCannot create service[0m [36merror=[0m[31m[1m"service not found"[0m[0m [36mingress=[0mcamera-uploader [36mnamespace=[0msuite [36mproviderName=[0mkubernetes [36mserviceName=[0mcamera-uploader [36mservicePort=[0m&ServiceBackendPort{Name:,Number:80,}
[90m2026-01-17T16:40:33Z[0m [31mERR[0m [1mCannot create service[0m [36merror=[0m[31m[1m"service not found"[0m[0m [36mingress=[0mhls [36mnamespace=[0msuite [36mproviderName=[0mkubernetes [36mserviceName=[0mmediamtx [36mservicePort=[0m&ServiceBackendPort{Name:hls,Number:0,}
[90m2026-01-17T16:40:33Z[0m [31mERR[0m [1mCannot create service[0m [36merror=[0m[31m[1m"service not found"[0m[0m [36mingress=[0mmediamtx-hls [36mnamespace=[0msuite [36mproviderName=[0mkubernetes [36mserviceName=[0mmediamtx [36mservicePort=[0m&ServiceBackendPort{Name:,Number:8888,}
[90m2026-01-17T16:40:33Z[0m [31mERR[0m [1mCannot create service[0m [36merror=[0m[31m[1m"service not found"[0m[0m [36mingress=[0mcamera-uploader [36mnamespace=[0msuite [36mproviderName=[0mkubernetes [36mserviceName=[0mcamera-uploader [36mservicePort=[0m&ServiceBackendPort{Name:,Number:80,}
[90m2026-01-17T16:40:37Z[0m [31mERR[0m [1mCannot create service[0m [36merror=[0m[31m[1m"service not found"[0m[0m [36mingress=[0mhls [36mnamespace=[0msuite [36mproviderName=[0mkubernetes [36mserviceName=[0mmediamtx [36mservicePort=[0m&ServiceBackendPort{Name:hls,Number:0,}
[90m2026-01-17T16:40:37Z[0m [31mERR[0m [1mCannot create service[0m [36merror=[0m[31m[1m"service not found"[0m[0m [36mingress=[0mmediamtx-hls [36mnamespace=[0msuite [36mproviderName=[0mkubernetes [36mserviceName=[0mmediamtx [36mservicePort=[0m&ServiceBackendPort{Name:,Number:8888,}
[90m2026-01-17T16:40:37Z[0m [31mERR[0m [1mCannot create service[0m [36merror=[0m[31m[1m"service not found"[0m[0m [36mingress=[0mcamera-uploader [36mnamespace=[0msuite [36mproviderName=[0mkubernetes [36mserviceName=[0mcamera-uploader [36mservicePort=[0m&ServiceBackendPort{Name:,Number:80,}
[90m2026-01-17T16:40:37Z[0m [31mERR[0m [1mCannot create service[0m [36merror=[0m[31m[1m"service not found"[0m[0m [36mingress=[0mcamera-uploader [36mnamespace=[0msuite [36mproviderName=[0mkubernetes [36mserviceName=[0mcamera-uploader [36mservicePort=[0m&ServiceBackendPort{Name:,Number:80,}
[90m2026-01-17T16:40:37Z[0m [31mERR[0m [1mCannot create service[0m [36merror=[0m[31m[1m"service not found"[0m[0m [36mingress=[0mhls [36mnamespace=[0msuite [36mproviderName=[0mkubernetes [36mserviceName=[0mmediamtx [36mservicePort=[0m&ServiceBackendPort{Name:hls,Number:0,}
[90m2026-01-17T16:40:37Z[0m [31mERR[0m [1mCannot create service[0m [36merror=[0m[31m[1m"service not found"[0m[0m [36mingress=[0mmediamtx-hls [36mnamespace=[0msuite [36mproviderName=[0mkubernetes [36mserviceName=[0mmediamtx [36mservicePort=[0m&ServiceBackendPort{Name:,Number:8888,}
[90m2026-01-17T16:40:37Z[0m [31mERR[0m [1mCannot create service[0m [36merror=[0m[31m[1m"service not found"[0m[0m [36mingress=[0mcamera-uploader [36mnamespace=[0msuite [36mproviderName=[0mkubernetes [36mserviceName=[0mcamera-uploader [36mservicePort=[0m&ServiceBackendPort{Name:,Number:80,}
[90m2026-01-17T16:40:37Z[0m [31mERR[0m [1mCannot create service[0m [36merror=[0m[31m[1m"service not found"[0m[0m [36mingress=[0mhls [36mnamespace=[0msuite [36mproviderName=[0mkubernetes [36mserviceName=[0mmediamtx [36mservicePort=[0m&ServiceBackendPort{Name:hls,Number:0,}
[90m2026-01-17T16:40:37Z[0m [31mERR[0m [1mCannot create service[0m [36merror=[0m[31m[1m"service not found"[0m[0m [36mingress=[0mmediamtx-hls [36mnamespace=[0msuite [36mproviderName=[0mkubernetes [36mserviceName=[0mmediamtx [36mservicePort=[0m&ServiceBackendPort{Name:,Number:8888,}
[90m2026-01-17T16:40:37Z[0m [31mERR[0m [1mCannot create service[0m [36merror=[0m[31m[1m"service not found"[0m[0m [36mingress=[0mcamera-uploader [36mnamespace=[0msuite [36mproviderName=[0mkubernetes [36mserviceName=[0mcamera-uploader [36mservicePort=[0m&ServiceBackendPort{Name:,Number:80,}
[90m2026-01-17T16:40:37Z[0m [31mERR[0m [1mCannot create service[0m [36merror=[0m[31m[1m"service not found"[0m[0m [36mingress=[0mhls [36mnamespace=[0msuite [36mproviderName=[0mkubernetes [36mserviceName=[0mmediamtx [36mservicePort=[0m&ServiceBackendPort{Name:hls,Number:0,}
[90m2026-01-17T16:40:37Z[0m [31mERR[0m [1mCannot create service[0m [36merror=[0m[31m[1m"service not found"[0m[0m [36mingress=[0mmediamtx-hls [36mnamespace=[0msuite [36mproviderName=[0mkubernetes [36mserviceName=[0mmediamtx [36mservicePort=[0m&ServiceBackendPort{Name:,Number:8888,}
[90m2026-01-17T16:40:38Z[0m [31mERR[0m [1mCannot create service[0m [36merror=[0m[31m[1m"service not found"[0m[0m [36mingress=[0mmediamtx-hls [36mnamespace=[0msuite [36mproviderName=[0mkubernetes [36mserviceName=[0mmediamtx [36mservicePort=[0m&ServiceBackendPort{Name:,Number:8888,}
[90m2026-01-17T16:40:38Z[0m [31mERR[0m [1mCannot create service[0m [36merror=[0m[31m[1m"service not found"[0m[0m [36mingress=[0mcamera-uploader [36mnamespace=[0msuite [36mproviderName=[0mkubernetes [36mserviceName=[0mcamera-uploader [36mservicePort=[0m&ServiceBackendPort{Name:,Number:80,}
[90m2026-01-17T16:40:38Z[0m [31mERR[0m [1mCannot create service[0m [36merror=[0m[31m[1m"service not found"[0m[0m [36mingress=[0mhls [36mnamespace=[0msuite [36mproviderName=[0mkubernetes [36mserviceName=[0mmediamtx [36mservicePort=[0m&ServiceBackendPort{Name:hls,Number:0,}
[90m2026-01-17T16:40:38Z[0m [31mERR[0m [1mCannot create service[0m [36merror=[0m[31m[1m"service not found"[0m[0m [36mingress=[0mhls [36mnamespace=[0msuite [36mproviderName=[0mkubernetes [36mserviceName=[0mmediamtx [36mservicePort=[0m&ServiceBackendPort{Name:hls,Number:0,}
[90m2026-01-17T16:40:38Z[0m [31mERR[0m [1mCannot create service[0m [36merror=[0m[31m[1m"service not found"[0m[0m [36mingress=[0mmediamtx-hls [36mnamespace=[0msuite [36mproviderName=[0mkubernetes [36mserviceName=[0mmediamtx [36mservicePort=[0m&ServiceBackendPort{Name:,Number:8888,}
[90m2026-01-17T16:40:38Z[0m [31mERR[0m [1mCannot create service[0m [36merror=[0m[31m[1m"service not found"[0m[0m [36mingress=[0mcamera-uploader [36mnamespace=[0msuite [36mproviderName=[0mkubernetes [36mserviceName=[0mcamera-uploader [36mservicePort=[0m&ServiceBackendPort{Name:,Number:80,}
[90m2026-01-17T16:41:25Z[0m [31mERR[0m [1mCannot create service[0m [36merror=[0m[31m[1m"service not found"[0m[0m [36mingress=[0mmediamtx-hls [36mnamespace=[0msuite [36mproviderName=[0mkubernetes [36mserviceName=[0mmediamtx [36mservicePort=[0m&ServiceBackendPort{Name:,Number:8888,}
[90m2026-01-17T16:41:25Z[0m [31mERR[0m [1mCannot create service[0m [36merror=[0m[31m[1m"service not found"[0m[0m [36mingress=[0mcamera-uploader [36mnamespace=[0msuite [36mproviderName=[0mkubernetes [36mserviceName=[0mcamera-uploader [36mservicePort=[0m&ServiceBackendPort{Name:,Number:80,}
[90m2026-01-17T16:41:25Z[0m [31mERR[0m [1mCannot create service[0m [36merror=[0m[31m[1m"service not found"[0m[0m [36mingress=[0mhls [36mnamespace=[0msuite [36mproviderName=[0mkubernetes [36mserviceName=[0mmediamtx [36mservicePort=[0m&ServiceBackendPort{Name:hls,Number:0,}
[90m2026-01-17T16:41:59Z[0m [31mERR[0m [1mCannot create service[0m [36merror=[0m[31m[1m"service not found"[0m[0m [36mingress=[0mcamera-uploader [36mnamespace=[0msuite [36mproviderName=[0mkubernetes [36mserviceName=[0mcamera-uploader [36mservicePort=[0m&ServiceBackendPort{Name:,Number:80,}
[90m2026-01-17T16:41:59Z[0m [31mERR[0m [1mCannot create service[0m [36merror=[0m[31m[1m"service not found"[0m[0m [36mingress=[0mhls [36mnamespace=[0msuite [36mproviderName=[0mkubernetes [36mserviceName=[0mmediamtx [36mservicePort=[0m&ServiceBackendPort{Name:hls,Number:0,}
[90m2026-01-17T16:41:59Z[0m [31mERR[0m [1mCannot create service[0m [36merror=[0m[31m[1m"service not found"[0m[0m [36mingress=[0mmediamtx-hls [36mnamespace=[0msuite [36mproviderName=[0mkubernetes [36mserviceName=[0mmediamtx [36mservicePort=[0m&ServiceBackendPort{Name:,Number:8888,}
[90m2026-01-17T16:42:07Z[0m [31mERR[0m [1mCannot create service[0m [36merror=[0m[31m[1m"service not found"[0m[0m [36mingress=[0mhls [36mnamespace=[0msuite [36mproviderName=[0mkubernetes [36mserviceName=[0mmediamtx [36mservicePort=[0m&ServiceBackendPort{Name:hls,Number:0,}
[90m2026-01-17T16:42:07Z[0m [31mERR[0m [1mCannot create service[0m [36merror=[0m[31m[1m"service not found"[0m[0m [36mingress=[0mmediamtx-hls [36mnamespace=[0msuite [36mproviderName=[0mkubernetes [36mserviceName=[0mmediamtx [36mservicePort=[0m&ServiceBackendPort{Name:,Number:8888,}
[90m2026-01-17T16:42:07Z[0m [31mERR[0m [1mCannot create service[0m [36merror=[0m[31m[1m"service not found"[0m[0m [36mingress=[0mcamera-uploader [36mnamespace=[0msuite [36mproviderName=[0mkubernetes [36mserviceName=[0mcamera-uploader [36mservicePort=[0m&ServiceBackendPort{Name:,Number:80,}
[90m2026-01-17T16:42:57Z[0m [31mERR[0m [1mCannot create service[0m [36merror=[0m[31m[1m"service not found"[0m[0m [36mingress=[0mhls [36mnamespace=[0msuite [36mproviderName=[0mkubernetes [36mserviceName=[0mmediamtx [36mservicePort=[0m&ServiceBackendPort{Name:hls,Number:0,}
[90m2026-01-17T16:42:57Z[0m [31mERR[0m [1mCannot create service[0m [36merror=[0m[31m[1m"service not found"[0m[0m [36mingress=[0mmediamtx-hls [36mnamespace=[0msuite [36mproviderName=[0mkubernetes [36mserviceName=[0mmediamtx [36mservicePort=[0m&ServiceBackendPort{Name:,Number:8888,}
[90m2026-01-17T16:42:57Z[0m [31mERR[0m [1mCannot create service[0m [36merror=[0m[31m[1m"service not found"[0m[0m [36mingress=[0mcamera-uploader [36mnamespace=[0msuite [36mproviderName=[0mkubernetes [36mserviceName=[0mcamera-uploader [36mservicePort=[0m&ServiceBackendPort{Name:,Number:80,}
[90m2026-01-17T16:43:14Z[0m [31mERR[0m [1mCannot create service[0m [36merror=[0m[31m[1m"service not found"[0m[0m [36mingress=[0mhls [36mnamespace=[0msuite [36mproviderName=[0mkubernetes [36mserviceName=[0mmediamtx [36mservicePort=[0m&ServiceBackendPort{Name:hls,Number:0,}
[90m2026-01-17T16:43:14Z[0m [31mERR[0m [1mCannot create service[0m [36merror=[0m[31m[1m"service not found"[0m[0m [36mingress=[0mmediamtx-hls [36mnamespace=[0msuite [36mproviderName=[0mkubernetes [36mserviceName=[0mmediamtx [36mservicePort=[0m&ServiceBackendPort{Name:,Number:8888,}
[90m2026-01-17T16:43:14Z[0m [31mERR[0m [1mCannot create service[0m [36merror=[0m[31m[1m"service not found"[0m[0m [36mingress=[0mcamera-uploader [36mnamespace=[0msuite [36mproviderName=[0mkubernetes [36mserviceName=[0mcamera-uploader [36mservicePort=[0m&ServiceBackendPort{Name:,Number:80,}
[90m2026-01-17T16:43:14Z[0m [31mERR[0m [1mCannot create service[0m [36merror=[0m[31m[1m"service not found"[0m[0m [36mingress=[0mcamera-uploader [36mnamespace=[0msuite [36mproviderName=[0mkubernetes [36mserviceName=[0mcamera-uploader [36mservicePort=[0m&ServiceBackendPort{Name:,Number:80,}
[90m2026-01-17T16:43:14Z[0m [31mERR[0m [1mCannot create service[0m [36merror=[0m[31m[1m"service not found"[0m[0m [36mingress=[0mhls [36mnamespace=[0msuite [36mproviderName=[0mkubernetes [36mserviceName=[0mmediamtx [36mservicePort=[0m&ServiceBackendPort{Name:hls,Number:0,}
[90m2026-01-17T16:43:14Z[0m [31mERR[0m [1mCannot create service[0m [36merror=[0m[31m[1m"service not found"[0m[0m [36mingress=[0mmediamtx-hls [36mnamespace=[0msuite [36mproviderName=[0mkubernetes [36mserviceName=[0mmediamtx [36mservicePort=[0m&ServiceBackendPort{Name:,Number:8888,}
[90m2026-01-17T16:43:20Z[0m [31mERR[0m [1mCannot create service[0m [36merror=[0m[31m[1m"service not found"[0m[0m [36mingress=[0mhls [36mnamespace=[0msuite [36mproviderName=[0mkubernetes [36mserviceName=[0mmediamtx [36mservicePort=[0m&ServiceBackendPort{Name:hls,Number:0,}
[90m2026-01-17T16:43:20Z[0m [31mERR[0m [1mCannot create service[0m [36merror=[0m[31m[1m"service not found"[0m[0m [36mingress=[0mmediamtx-hls [36mnamespace=[0msuite [36mproviderName=[0mkubernetes [36mserviceName=[0mmediamtx [36mservicePort=[0m&ServiceBackendPort{Name:,Number:8888,}
[90m2026-01-17T16:43:20Z[0m [31mERR[0m [1mCannot create service[0m [36merror=[0m[31m[1m"service not found"[0m[0m [36mingress=[0mcamera-uploader [36mnamespace=[0msuite [36mproviderName=[0mkubernetes [36mserviceName=[0mcamera-uploader [36mservicePort=[0m&ServiceBackendPort{Name:,Number:80,}
[90m2026-01-17T16:43:29Z[0m [31mERR[0m [1mCannot create service[0m [36merror=[0m[31m[1m"service not found"[0m[0m [36mingress=[0mcamera-uploader [36mnamespace=[0msuite [36mproviderName=[0mkubernetes [36mserviceName=[0mcamera-uploader [36mservicePort=[0m&ServiceBackendPort{Name:,Number:80,}
[90m2026-01-17T16:43:29Z[0m [31mERR[0m [1mCannot create service[0m [36merror=[0m[31m[1m"service not found"[0m[0m [36mingress=[0mhls [36mnamespace=[0msuite [36mproviderName=[0mkubernetes [36mserviceName=[0mmediamtx [36mservicePort=[0m&ServiceBackendPort{Name:hls,Number:0,}
[90m2026-01-17T16:43:29Z[0m [31mERR[0m [1mCannot create service[0m [36merror=[0m[31m[1m"service not found"[0m[0m [36mingress=[0mmediamtx-hls [36mnamespace=[0msuite [36mproviderName=[0mkubernetes [36mserviceName=[0mmediamtx [36mservicePort=[0m&ServiceBackendPort{Name:,Number:8888,}
[90m2026-01-17T16:43:41Z[0m [31mERR[0m [1mCannot create service[0m [36merror=[0m[31m[1m"service not found"[0m[0m [36mingress=[0mhls [36mnamespace=[0msuite [36mproviderName=[0mkubernetes [36mserviceName=[0mmediamtx [36mservicePort=[0m&ServiceBackendPort{Name:hls,Number:0,}
[90m2026-01-17T16:43:41Z[0m [31mERR[0m [1mCannot create service[0m [36merror=[0m[31m[1m"service not found"[0m[0m [36mingress=[0mmediamtx-hls [36mnamespace=[0msuite [36mproviderName=[0mkubernetes [36mserviceName=[0mmediamtx [36mservicePort=[0m&ServiceBackendPort{Name:,Number:8888,}
[90m2026-01-17T16:43:41Z[0m [31mERR[0m [1mCannot create service[0m [36merror=[0m[31m[1m"service not found"[0m[0m [36mingress=[0mcamera-uploader [36mnamespace=[0msuite [36mproviderName=[0mkubernetes [36mserviceName=[0mcamera-uploader [36mservicePort=[0m&ServiceBackendPort{Name:,Number:80,}
[90m2026-01-17T16:45:33Z[0m [31mERR[0m [1mCannot create service[0m [36merror=[0m[31m[1m"service not found"[0m[0m [36mingress=[0mhls [36mnamespace=[0msuite [36mproviderName=[0mkubernetes [36mserviceName=[0mmediamtx [36mservicePort=[0m&ServiceBackendPort{Name:hls,Number:0,}
[90m2026-01-17T16:45:33Z[0m [31mERR[0m [1mCannot create service[0m [36merror=[0m[31m[1m"service not found"[0m[0m [36mingress=[0mmediamtx-hls [36mnamespace=[0msuite [36mproviderName=[0mkubernetes [36mserviceName=[0mmediamtx [36mservicePort=[0m&ServiceBackendPort{Name:,Number:8888,}
[90m2026-01-17T16:45:33Z[0m [31mERR[0m [1mCannot create service[0m [36merror=[0m[31m[1m"service not found"[0m[0m [36mingress=[0mcamera-uploader [36mnamespace=[0msuite [36mproviderName=[0mkubernetes [36mserviceName=[0mcamera-uploader [36mservicePort=[0m&ServiceBackendPort{Name:,Number:80,}
[90m2026-01-17T16:46:31Z[0m [31mERR[0m [1mCannot create service[0m [36merror=[0m[31m[1m"service not found"[0m[0m [36mingress=[0mhls [36mnamespace=[0msuite [36mproviderName=[0mkubernetes [36mserviceName=[0mmediamtx [36mservicePort=[0m&ServiceBackendPort{Name:hls,Number:0,}
[90m2026-01-17T16:46:31Z[0m [31mERR[0m [1mCannot create service[0m [36merror=[0m[31m[1m"service not found"[0m[0m [36mingress=[0mmediamtx-hls [36mnamespace=[0msuite [36mproviderName=[0mkubernetes [36mserviceName=[0mmediamtx [36mservicePort=[0m&ServiceBackendPort{Name:,Number:8888,}
[90m2026-01-17T16:46:31Z[0m [31mERR[0m [1mCannot create service[0m [36merror=[0m[31m[1m"service not found"[0m[0m [36mingress=[0mcamera-uploader [36mnamespace=[0msuite [36mproviderName=[0mkubernetes [36mserviceName=[0mcamera-uploader [36mservicePort=[0m&ServiceBackendPort{Name:,Number:80,}
[90m2026-01-17T16:47:02Z[0m [31mERR[0m [1mCannot create service[0m [36merror=[0m[31m[1m"service not found"[0m[0m [36mingress=[0mcamera-uploader [36mnamespace=[0msuite [36mproviderName=[0mkubernetes [36mserviceName=[0mcamera-uploader [36mservicePort=[0m&ServiceBackendPort{Name:,Number:80,}
[90m2026-01-17T16:47:02Z[0m [31mERR[0m [1mCannot create service[0m [36merror=[0m[31m[1m"service not found"[0m[0m [36mingress=[0mhls [36mnamespace=[0msuite [36mproviderName=[0mkubernetes [36mserviceName=[0mmediamtx [36mservicePort=[0m&ServiceBackendPort{Name:hls,Number:0,}
[90m2026-01-17T16:47:02Z[0m [31mERR[0m [1mCannot create service[0m [36merror=[0m[31m[1m"service not found"[0m[0m [36mingress=[0mmediamtx-hls [36mnamespace=[0msuite [36mproviderName=[0mkubernetes [36mserviceName=[0mmediamtx [36mservicePort=[0m&ServiceBackendPort{Name:,Number:8888,}
[90m2026-01-17T16:47:02Z[0m [31mERR[0m [1mEntryPoint doesn't exist[0m [36mentryPointName=[0m"websecure    {}" [36mrouterName=[0msuite-spotify-callback-spotify-callback-suite-home-arpa-callback@kubernetes
[90m2026-01-17T16:47:02Z[0m [33mWRN[0m [1mMiddleware "suite-allow-lan@kubernetescrd" of type IPWhiteList is deprecated, please use IPAllowList instead.[0m
[90m2026-01-17T16:47:03Z[0m [31mERR[0m [1mCannot create service[0m [36merror=[0m[31m[1m"service not found"[0m[0m [36mingress=[0mcamera-uploader [36mnamespace=[0msuite [36mproviderName=[0mkubernetes [36mserviceName=[0mcamera-uploader [36mservicePort=[0m&ServiceBackendPort{Name:,Number:80,}
[90m2026-01-17T16:47:03Z[0m [31mERR[0m [1mCannot create service[0m [36merror=[0m[31m[1m"service not found"[0m[0m [36mingress=[0mhls [36mnamespace=[0msuite [36mproviderName=[0mkubernetes [36mserviceName=[0mmediamtx [36mservicePort=[0m&ServiceBackendPort{Name:hls,Number:0,}
[90m2026-01-17T16:47:03Z[0m [31mERR[0m [1mCannot create service[0m [36merror=[0m[31m[1m"service not found"[0m[0m [36mingress=[0mmediamtx-hls [36mnamespace=[0msuite [36mproviderName=[0mkubernetes [36mserviceName=[0mmediamtx [36mservicePort=[0m&ServiceBackendPort{Name:,Number:8888,}
[90m2026-01-17T16:47:04Z[0m [31mERR[0m [1mEntryPoint doesn't exist[0m [36mentryPointName=[0m"websecure    {}" [36mrouterName=[0msuite-spotify-callback-spotify-callback-suite-home-arpa-callback@kubernetes
[90m2026-01-17T16:47:04Z[0m [33mWRN[0m [1mMiddleware "suite-allow-lan@kubernetescrd" of type IPWhiteList is deprecated, please use IPAllowList instead.[0m
[90m2026-01-17T16:47:05Z[0m [31mERR[0m [1mCannot create service[0m [36merror=[0m[31m[1m"service not found"[0m[0m [36mingress=[0mhls [36mnamespace=[0msuite [36mproviderName=[0mkubernetes [36mserviceName=[0mmediamtx [36mservicePort=[0m&ServiceBackendPort{Name:hls,Number:0,}
[90m2026-01-17T16:47:05Z[0m [31mERR[0m [1mCannot create service[0m [36merror=[0m[31m[1m"service not found"[0m[0m [36mingress=[0mmediamtx-hls [36mnamespace=[0msuite [36mproviderName=[0mkubernetes [36mserviceName=[0mmediamtx [36mservicePort=[0m&ServiceBackendPort{Name:,Number:8888,}
[90m2026-01-17T16:47:05Z[0m [31mERR[0m [1mCannot create service[0m [36merror=[0m[31m[1m"service not found"[0m[0m [36mingress=[0mcamera-uploader [36mnamespace=[0msuite [36mproviderName=[0mkubernetes [36mserviceName=[0mcamera-uploader [36mservicePort=[0m&ServiceBackendPort{Name:,Number:80,}
[90m2026-01-17T16:47:14Z[0m [31mERR[0m [1mCannot create service[0m [36merror=[0m[31m[1m"service not found"[0m[0m [36mingress=[0mmediamtx-hls [36mnamespace=[0msuite [36mproviderName=[0mkubernetes [36mserviceName=[0mmediamtx [36mservicePort=[0m&ServiceBackendPort{Name:,Number:8888,}
[90m2026-01-17T16:47:14Z[0m [31mERR[0m [1mCannot create service[0m [36merror=[0m[31m[1m"service not found"[0m[0m [36mingress=[0mcamera-uploader [36mnamespace=[0msuite [36mproviderName=[0mkubernetes [36mserviceName=[0mcamera-uploader [36mservicePort=[0m&ServiceBackendPort{Name:,Number:80,}
[90m2026-01-17T16:47:14Z[0m [31mERR[0m [1mCannot create service[0m [36merror=[0m[31m[1m"service not found"[0m[0m [36mingress=[0mhls [36mnamespace=[0msuite [36mproviderName=[0mkubernetes [36mserviceName=[0mmediamtx [36mservicePort=[0m&ServiceBackendPort{Name:hls,Number:0,}
[90m2026-01-17T16:48:04Z[0m [31mERR[0m [1mCannot create service[0m [36merror=[0m[31m[1m"service not found"[0m[0m [36mingress=[0mcamera-uploader [36mnamespace=[0msuite [36mproviderName=[0mkubernetes [36mserviceName=[0mcamera-uploader [36mservicePort=[0m&ServiceBackendPort{Name:,Number:80,}
[90m2026-01-17T16:48:04Z[0m [31mERR[0m [1mCannot create service[0m [36merror=[0m[31m[1m"service not found"[0m[0m [36mingress=[0mhls [36mnamespace=[0msuite [36mproviderName=[0mkubernetes [36mserviceName=[0mmediamtx [36mservicePort=[0m&ServiceBackendPort{Name:hls,Number:0,}
[90m2026-01-17T16:48:04Z[0m [31mERR[0m [1mCannot create service[0m [36merror=[0m[31m[1m"service not found"[0m[0m [36mingress=[0mmediamtx-hls [36mnamespace=[0msuite [36mproviderName=[0mkubernetes [36mserviceName=[0mmediamtx [36mservicePort=[0m&ServiceBackendPort{Name:,Number:8888,}
[90m2026-01-17T16:48:14Z[0m [31mERR[0m [1mCannot create service[0m [36merror=[0m[31m[1m"service not found"[0m[0m [36mingress=[0mhls [36mnamespace=[0msuite [36mproviderName=[0mkubernetes [36mserviceName=[0mmediamtx [36mservicePort=[0m&ServiceBackendPort{Name:hls,Number:0,}
[90m2026-01-17T16:48:14Z[0m [31mERR[0m [1mCannot create service[0m [36merror=[0m[31m[1m"service not found"[0m[0m [36mingress=[0mmediamtx-hls [36mnamespace=[0msuite [36mproviderName=[0mkubernetes [36mserviceName=[0mmediamtx [36mservicePort=[0m&ServiceBackendPort{Name:,Number:8888,}
[90m2026-01-17T16:48:14Z[0m [31mERR[0m [1mCannot create service[0m [36merror=[0m[31m[1m"service not found"[0m[0m [36mingress=[0mcamera-uploader [36mnamespace=[0msuite [36mproviderName=[0mkubernetes [36mserviceName=[0mcamera-uploader [36mservicePort=[0m&ServiceBackendPort{Name:,Number:80,}
[90m2026-01-17T16:48:14Z[0m [31mERR[0m [1mCannot create service[0m [36merror=[0m[31m[1m"service not found"[0m[0m [36mingress=[0mhls [36mnamespace=[0msuite [36mproviderName=[0mkubernetes [36mserviceName=[0mmediamtx [36mservicePort=[0m&ServiceBackendPort{Name:hls,Number:0,}
[90m2026-01-17T16:48:14Z[0m [31mERR[0m [1mCannot create service[0m [36merror=[0m[31m[1m"service not found"[0m[0m [36mingress=[0mmediamtx-hls [36mnamespace=[0msuite [36mproviderName=[0mkubernetes [36mserviceName=[0mmediamtx [36mservicePort=[0m&ServiceBackendPort{Name:,Number:8888,}
[90m2026-01-17T16:48:14Z[0m [31mERR[0m [1mCannot create service[0m [36merror=[0m[31m[1m"service not found"[0m[0m [36mingress=[0mcamera-uploader [36mnamespace=[0msuite [36mproviderName=[0mkubernetes [36mserviceName=[0mcamera-uploader [36mservicePort=[0m&ServiceBackendPort{Name:,Number:80,}
[90m2026-01-17T16:48:26Z[0m [31mERR[0m [1mCannot create service[0m [36merror=[0m[31m[1m"service not found"[0m[0m [36mingress=[0mhls [36mnamespace=[0msuite [36mproviderName=[0mkubernetes [36mserviceName=[0mmediamtx [36mservicePort=[0m&ServiceBackendPort{Name:hls,Number:0,}
[90m2026-01-17T16:48:26Z[0m [31mERR[0m [1mCannot create service[0m [36merror=[0m[31m[1m"service not found"[0m[0m [36mingress=[0mmediamtx-hls [36mnamespace=[0msuite [36mproviderName=[0mkubernetes [36mserviceName=[0mmediamtx [36mservicePort=[0m&ServiceBackendPort{Name:,Number:8888,}
[90m2026-01-17T16:48:26Z[0m [31mERR[0m [1mCannot create service[0m [36merror=[0m[31m[1m"service not found"[0m[0m [36mingress=[0mcamera-uploader [36mnamespace=[0msuite [36mproviderName=[0mkubernetes [36mserviceName=[0mcamera-uploader [36mservicePort=[0m&ServiceBackendPort{Name:,Number:80,}
[90m2026-01-17T16:48:29Z[0m [31mERR[0m [1mCannot create service[0m [36merror=[0m[31m[1m"service not found"[0m[0m [36mingress=[0mcamera-uploader [36mnamespace=[0msuite [36mproviderName=[0mkubernetes [36mserviceName=[0mcamera-uploader [36mservicePort=[0m&ServiceBackendPort{Name:,Number:80,}
[90m2026-01-17T16:48:29Z[0m [31mERR[0m [1mCannot create service[0m [36merror=[0m[31m[1m"service not found"[0m[0m [36mingress=[0mhls [36mnamespace=[0msuite [36mproviderName=[0mkubernetes [36mserviceName=[0mmediamtx [36mservicePort=[0m&ServiceBackendPort{Name:hls,Number:0,}
[90m2026-01-17T16:48:29Z[0m [31mERR[0m [1mCannot create service[0m [36merror=[0m[31m[1m"service not found"[0m[0m [36mingress=[0mmediamtx-hls [36mnamespace=[0msuite [36mproviderName=[0mkubernetes [36mserviceName=[0mmediamtx [36mservicePort=[0m&ServiceBackendPort{Name:,Number:8888,}
[90m2026-01-17T16:49:40Z[0m [31mERR[0m [1mCannot create service[0m [36merror=[0m[31m[1m"service not found"[0m[0m [36mingress=[0mhls [36mnamespace=[0msuite [36mproviderName=[0mkubernetes [36mserviceName=[0mmediamtx [36mservicePort=[0m&ServiceBackendPort{Name:hls,Number:0,}
[90m2026-01-17T16:49:40Z[0m [31mERR[0m [1mCannot create service[0m [36merror=[0m[31m[1m"service not found"[0m[0m [36mingress=[0mmediamtx-hls [36mnamespace=[0msuite [36mproviderName=[0mkubernetes [36mserviceName=[0mmediamtx [36mservicePort=[0m&ServiceBackendPort{Name:,Number:8888,}
[90m2026-01-17T16:49:40Z[0m [31mERR[0m [1mCannot create service[0m [36merror=[0m[31m[1m"service not found"[0m[0m [36mingress=[0mcamera-uploader [36mnamespace=[0msuite [36mproviderName=[0mkubernetes [36mserviceName=[0mcamera-uploader [36mservicePort=[0m&ServiceBackendPort{Name:,Number:80,}
[90m2026-01-17T16:49:49Z[0m [31mERR[0m [1mCannot create service[0m [36merror=[0m[31m[1m"service not found"[0m[0m [36mingress=[0mmediamtx-hls [36mnamespace=[0msuite [36mproviderName=[0mkubernetes [36mserviceName=[0mmediamtx [36mservicePort=[0m&ServiceBackendPort{Name:,Number:8888,}
[90m2026-01-17T16:49:49Z[0m [31mERR[0m [1mCannot create service[0m [36merror=[0m[31m[1m"service not found"[0m[0m [36mingress=[0mcamera-uploader [36mnamespace=[0msuite [36mproviderName=[0mkubernetes [36mserviceName=[0mcamera-uploader [36mservicePort=[0m&ServiceBackendPort{Name:,Number:80,}
[90m2026-01-17T16:49:49Z[0m [31mERR[0m [1mCannot create service[0m [36merror=[0m[31m[1m"service not found"[0m[0m [36mingress=[0mhls [36mnamespace=[0msuite [36mproviderName=[0mkubernetes [36mserviceName=[0mmediamtx [36mservicePort=[0m&ServiceBackendPort{Name:hls,Number:0,}
[90m2026-01-17T16:50:40Z[0m [31mERR[0m [1mCannot create service[0m [36merror=[0m[31m[1m"service not found"[0m[0m [36mingress=[0mhls [36mnamespace=[0msuite [36mproviderName=[0mkubernetes [36mserviceName=[0mmediamtx [36mservicePort=[0m&ServiceBackendPort{Name:hls,Number:0,}
[90m2026-01-17T16:50:40Z[0m [31mERR[0m [1mCannot create service[0m [36merror=[0m[31m[1m"service not found"[0m[0m [36mingress=[0mmediamtx-hls [36mnamespace=[0msuite [36mproviderName=[0mkubernetes [36mserviceName=[0mmediamtx [36mservicePort=[0m&ServiceBackendPort{Name:,Number:8888,}
[90m2026-01-17T16:50:40Z[0m [31mERR[0m [1mCannot create service[0m [36merror=[0m[31m[1m"service not found"[0m[0m [36mingress=[0mcamera-uploader [36mnamespace=[0msuite [36mproviderName=[0mkubernetes [36mserviceName=[0mcamera-uploader [36mservicePort=[0m&ServiceBackendPort{Name:,Number:80,}
[90m2026-01-17T16:51:38Z[0m [31mERR[0m [1mCannot create service[0m [36merror=[0m[31m[1m"service not found"[0m[0m [36mingress=[0mcamera-uploader [36mnamespace=[0msuite [36mproviderName=[0mkubernetes [36mserviceName=[0mcamera-uploader [36mservicePort=[0m&ServiceBackendPort{Name:,Number:80,}
[90m2026-01-17T16:51:38Z[0m [31mERR[0m [1mCannot create service[0m [36merror=[0m[31m[1m"service not found"[0m[0m [36mingress=[0mhls [36mnamespace=[0msuite [36mproviderName=[0mkubernetes [36mserviceName=[0mmediamtx [36mservicePort=[0m&ServiceBackendPort{Name:hls,Number:0,}
[90m2026-01-17T16:51:38Z[0m [31mERR[0m [1mCannot create service[0m [36merror=[0m[31m[1m"service not found"[0m[0m [36mingress=[0mmediamtx-hls [36mnamespace=[0msuite [36mproviderName=[0mkubernetes [36mserviceName=[0mmediamtx [36mservicePort=[0m&ServiceBackendPort{Name:,Number:8888,}
{"ClientAddr":"10.42.2.0:19448","ClientHost":"10.42.2.0","ClientPort":"19448","ClientUsername":"-","DownstreamContentSize":0,"DownstreamStatus":0,"Duration":2715842462410,"OriginContentSize":0,"OriginDuration":2715842277596,"OriginStatus":0,"Overhead":184814,"RequestAddr":"scrypted.suite.home.arpa","RequestContentSize":0,"RequestCount":53,"RequestHost":"scrypted.suite.home.arpa","RequestMethod":"GET","RequestPath":"/endpoint/@scrypted/core/engine.io/api/?cacheBust=p060odm\u0026EIO=4\u0026transport=websocket\u0026sid=b6I2IqOS94_mS_GBAAAA","RequestPort":"-","RequestProtocol":"HTTP/1.1","RequestScheme":"https","RetryAttempts":0,"RouterName":"websecure-suite-scrypted-scrypted-suite-home-arpa@kubernetes","ServiceAddr":"192.168.50.6:11080","ServiceName":"suite-scrypted-11080@kubernetes","ServiceURL":"http://192.168.50.6:11080","StartLocal":"2026-01-17T16:06:42.168813595Z","StartUTC":"2026-01-17T16:06:42.168813595Z","TLSCipher":"TLS_AES_128_GCM_SHA256","TLSVersion":"1.3","entryPointName":"websecure","level":"info","msg":"","time":"2026-01-17T16:51:58Z"}
[90m2026-01-17T16:52:10Z[0m [31mERR[0m [1mCannot create service[0m [36merror=[0m[31m[1m"service not found"[0m[0m [36mingress=[0mhls [36mnamespace=[0msuite [36mproviderName=[0mkubernetes [36mserviceName=[0mmediamtx [36mservicePort=[0m&ServiceBackendPort{Name:hls,Number:0,}
[90m2026-01-17T16:52:10Z[0m [31mERR[0m [1mCannot create service[0m [36merror=[0m[31m[1m"service not found"[0m[0m [36mingress=[0mmediamtx-hls [36mnamespace=[0msuite [36mproviderName=[0mkubernetes [36mserviceName=[0mmediamtx [36mservicePort=[0m&ServiceBackendPort{Name:,Number:8888,}
[90m2026-01-17T16:52:10Z[0m [31mERR[0m [1mCannot create service[0m [36merror=[0m[31m[1m"service not found"[0m[0m [36mingress=[0mcamera-uploader [36mnamespace=[0msuite [36mproviderName=[0mkubernetes [36mserviceName=[0mcamera-uploader [36mservicePort=[0m&ServiceBackendPort{Name:,Number:80,}
[90m2026-01-17T16:52:20Z[0m [31mERR[0m [1mCannot create service[0m [36merror=[0m[31m[1m"service not found"[0m[0m [36mingress=[0mhls [36mnamespace=[0msuite [36mproviderName=[0mkubernetes [36mserviceName=[0mmediamtx [36mservicePort=[0m&ServiceBackendPort{Name:hls,Number:0,}
[90m2026-01-17T16:52:20Z[0m [31mERR[0m [1mCannot create service[0m [36merror=[0m[31m[1m"service not found"[0m[0m [36mingress=[0mmediamtx-hls [36mnamespace=[0msuite [36mproviderName=[0mkubernetes [36mserviceName=[0mmediamtx [36mservicePort=[0m&ServiceBackendPort{Name:,Number:8888,}
[90m2026-01-17T16:52:20Z[0m [31mERR[0m [1mCannot create service[0m [36merror=[0m[31m[1m"service not found"[0m[0m [36mingress=[0mcamera-uploader [36mnamespace=[0msuite [36mproviderName=[0mkubernetes [36mserviceName=[0mcamera-uploader [36mservicePort=[0m&ServiceBackendPort{Name:,Number:80,}
[90m2026-01-17T16:53:11Z[0m [31mERR[0m [1mCannot create service[0m [36merror=[0m[31m[1m"service not found"[0m[0m [36mingress=[0mcamera-uploader [36mnamespace=[0msuite [36mproviderName=[0mkubernetes [36mserviceName=[0mcamera-uploader [36mservicePort=[0m&ServiceBackendPort{Name:,Number:80,}
[90m2026-01-17T16:53:11Z[0m [31mERR[0m [1mCannot create service[0m [36merror=[0m[31m[1m"service not found"[0m[0m [36mingress=[0mhls [36mnamespace=[0msuite [36mproviderName=[0mkubernetes [36mserviceName=[0mmediamtx [36mservicePort=[0m&ServiceBackendPort{Name:hls,Number:0,}
[90m2026-01-17T16:53:11Z[0m [31mERR[0m [1mCannot create service[0m [36merror=[0m[31m[1m"service not found"[0m[0m [36mingress=[0mmediamtx-hls [36mnamespace=[0msuite [36mproviderName=[0mkubernetes [36mserviceName=[0mmediamtx [36mservicePort=[0m&ServiceBackendPort{Name:,Number:8888,}
[90m2026-01-17T16:53:14Z[0m [31mERR[0m [1mCannot create service[0m [36merror=[0m[31m[1m"service not found"[0m[0m [36mingress=[0mcamera-uploader [36mnamespace=[0msuite [36mproviderName=[0mkubernetes [36mserviceName=[0mcamera-uploader [36mservicePort=[0m&ServiceBackendPort{Name:,Number:80,}
[90m2026-01-17T16:53:14Z[0m [31mERR[0m [1mCannot create service[0m [36merror=[0m[31m[1m"service not found"[0m[0m [36mingress=[0mhls [36mnamespace=[0msuite [36mproviderName=[0mkubernetes [36mserviceName=[0mmediamtx [36mservicePort=[0m&ServiceBackendPort{Name:hls,Number:0,}
[90m2026-01-17T16:53:14Z[0m [31mERR[0m [1mCannot create service[0m [36merror=[0m[31m[1m"service not found"[0m[0m [36mingress=[0mmediamtx-hls [36mnamespace=[0msuite [36mproviderName=[0mkubernetes [36mserviceName=[0mmediamtx [36mservicePort=[0m&ServiceBackendPort{Name:,Number:8888,}
[90m2026-01-17T16:53:14Z[0m [31mERR[0m [1mCannot create service[0m [36merror=[0m[31m[1m"service not found"[0m[0m [36mingress=[0mhls [36mnamespace=[0msuite [36mproviderName=[0mkubernetes [36mserviceName=[0mmediamtx [36mservicePort=[0m&ServiceBackendPort{Name:hls,Number:0,}
[90m2026-01-17T16:53:14Z[0m [31mERR[0m [1mCannot create service[0m [36merror=[0m[31m[1m"service not found"[0m[0m [36mingress=[0mmediamtx-hls [36mnamespace=[0msuite [36mproviderName=[0mkubernetes [36mserviceName=[0mmediamtx [36mservicePort=[0m&ServiceBackendPort{Name:,Number:8888,}
[90m2026-01-17T16:53:14Z[0m [31mERR[0m [1mCannot create service[0m [36merror=[0m[31m[1m"service not found"[0m[0m [36mingress=[0mcamera-uploader [36mnamespace=[0msuite [36mproviderName=[0mkubernetes [36mserviceName=[0mcamera-uploader [36mservicePort=[0m&ServiceBackendPort{Name:,Number:80,}
